<?xml version="1.0" encoding="UTF-8"?>
<testsuite xmlns:xsi="http://www.w3.org/2001/XMLSchema-instance" xsi:noNamespaceSchemaLocation="https://maven.apache.org/surefire/maven-surefire-plugin/xsd/surefire-test-report.xsd" version="3.0.2" name="com.g4.odontohub.CucumberRunnerTest" time="3.186" tests="64" errors="0" skipped="0" failures="0" flakes="0">
  <properties>
[...]
</properties>
  <testcase name="Registrar consulta para paciente sem plano de tratamento ativo" classname="CucumberRunnerTest" time="0.303">
    <system-out><![CDATA[
Cenário: Registrar consulta para paciente sem plano de tratamento ativo                           &amp#27;[90m# features/F01_agendamento.feature:11&amp#27;[0m
  &amp#27;[32mDado &amp#27;[0m&amp#27;[32mque o dentista &amp#27;[0m&amp#27;[32m&amp#27;[1m"Dr. Carlos"&amp#27;[0m&amp#27;[32m está cadastrado no sistema&amp#27;[0m                                     &amp#27;[90m# com.g4.odontohub.steps.SharedSteps.dentistaSetup(java.lang.String)&amp#27;[0m
  &amp#27;[32mE &amp#27;[0m&amp#27;[32mque o paciente &amp#27;[0m&amp#27;[32m&amp#27;[1m"João Silva"&amp#27;[0m&amp#27;[32m está cadastrado no sistema&amp#27;[0m                                        &amp#27;[90m# com.g4.odontohub.steps.SharedSteps.pacienteSetup(java.lang.String)&amp#27;[0m
  &amp#27;[32mDado &amp#27;[0m&amp#27;[32mque o paciente &amp#27;[0m&amp#27;[32m&amp#27;[1m"João Silva"&amp#27;[0m&amp#27;[32m não possui plano de tratamento ativo&amp#27;[0m                           &amp#27;[90m# com.g4.odontohub.steps.AgendamentoSteps.pacienteSemPlano(java.lang.String)&amp#27;[0m
  &amp#27;[32mQuando &amp#27;[0m&amp#27;[32ma recepcionista registra um agendamento para &amp#27;[0m&amp#27;[32m&amp#27;[1m"João Silva"&amp#27;[0m&amp#27;[32m no dia &amp#27;[0m&amp#27;[32m&amp#27;[1m"2026-05-10"&amp#27;[0m&amp#27;[32m às &amp#27;[0m&amp#27;[32m&amp#27;[1m"09:00"&amp#27;[0m &amp#27;[90m# com.g4.odontohub.steps.AgendamentoSteps.registrarAgendamento(java.lang.String,java.lang.String,java.lang.String)&amp#27;[0m
  &amp#27;[32mEntão &amp#27;[0m&amp#27;[32mo agendamento deve ser criado com status &amp#27;[0m&amp#27;[32m&amp#27;[1m"PENDENTE"&amp#27;[0m                                       &amp#27;[90m# com.g4.odontohub.steps.AgendamentoSteps.verificarStatus(java.lang.String)&amp#27;[0m
  &amp#27;[32mE &amp#27;[0m&amp#27;[32mo tipo do agendamento deve ser classificado automaticamente como &amp#27;[0m&amp#27;[32m&amp#27;[1m"CONSULTA"&amp#27;[0m                   &amp#27;[90m# com.g4.odontohub.steps.AgendamentoSteps.verificarTipo(java.lang.String)&amp#27;[0m
]]></system-out>
  </testcase>
  <testcase name="Registrar retorno para paciente com plano de tratamento ativo" classname="CucumberRunnerTest" time="0.051">
    <system-out><![CDATA[
Cenário: Registrar retorno para paciente com plano de tratamento ativo                            &amp#27;[90m# features/F01_agendamento.feature:17&amp#27;[0m
  &amp#27;[32mDado &amp#27;[0m&amp#27;[32mque o dentista &amp#27;[0m&amp#27;[32m&amp#27;[1m"Dr. Carlos"&amp#27;[0m&amp#27;[32m está cadastrado no sistema&amp#27;[0m                                     &amp#27;[90m# com.g4.odontohub.steps.SharedSteps.dentistaSetup(java.lang.String)&amp#27;[0m
  &amp#27;[32mE &amp#27;[0m&amp#27;[32mque o paciente &amp#27;[0m&amp#27;[32m&amp#27;[1m"João Silva"&amp#27;[0m&amp#27;[32m está cadastrado no sistema&amp#27;[0m                                        &amp#27;[90m# com.g4.odontohub.steps.SharedSteps.pacienteSetup(java.lang.String)&amp#27;[0m
  &amp#27;[32mDado &amp#27;[0m&amp#27;[32mque o paciente &amp#27;[0m&amp#27;[32m&amp#27;[1m"João Silva"&amp#27;[0m&amp#27;[32m possui um plano de tratamento ativo&amp#27;[0m                            &amp#27;[90m# com.g4.odontohub.steps.AgendamentoSteps.pacienteComPlano(java.lang.String)&amp#27;[0m
  &amp#27;[32mQuando &amp#27;[0m&amp#27;[32ma recepcionista registra um agendamento para &amp#27;[0m&amp#27;[32m&amp#27;[1m"João Silva"&amp#27;[0m&amp#27;[32m no dia &amp#27;[0m&amp#27;[32m&amp#27;[1m"2026-05-10"&amp#27;[0m&amp#27;[32m às &amp#27;[0m&amp#27;[32m&amp#27;[1m"09:00"&amp#27;[0m &amp#27;[90m# com.g4.odontohub.steps.AgendamentoSteps.registrarAgendamento(java.lang.String,java.lang.String,java.lang.String)&amp#27;[0m
  &amp#27;[32mEntão &amp#27;[0m&amp#27;[32mo agendamento deve ser criado com status &amp#27;[0m&amp#27;[32m&amp#27;[1m"PENDENTE"&amp#27;[0m                                       &amp#27;[90m# com.g4.odontohub.steps.AgendamentoSteps.verificarStatus(java.lang.String)&amp#27;[0m
  &amp#27;[32mE &amp#27;[0m&amp#27;[32mo tipo do agendamento deve ser classificado automaticamente como &amp#27;[0m&amp#27;[32m&amp#27;[1m"RETORNO"&amp#27;[0m                    &amp#27;[90m# com.g4.odontohub.steps.AgendamentoSteps.verificarTipo(java.lang.String)&amp#27;[0m
]]></system-out>
  </testcase>
  <testcase name="Bloquear agendamento com conflito de horário" classname="CucumberRunnerTest" time="0.07">
    <system-out><![CDATA[
Cenário: Bloquear agendamento com conflito de horário                                                       &amp#27;[90m# features/F01_agendamento.feature:23&amp#27;[0m
  &amp#27;[32mDado &amp#27;[0m&amp#27;[32mque o dentista &amp#27;[0m&amp#27;[32m&amp#27;[1m"Dr. Carlos"&amp#27;[0m&amp#27;[32m está cadastrado no sistema&amp#27;[0m                                               &amp#27;[90m# com.g4.odontohub.steps.SharedSteps.dentistaSetup(java.lang.String)&amp#27;[0m
  &amp#27;[32mE &amp#27;[0m&amp#27;[32mque o paciente &amp#27;[0m&amp#27;[32m&amp#27;[1m"João Silva"&amp#27;[0m&amp#27;[32m está cadastrado no sistema&amp#27;[0m                                                  &amp#27;[90m# com.g4.odontohub.steps.SharedSteps.pacienteSetup(java.lang.String)&amp#27;[0m
  &amp#27;[32mDado &amp#27;[0m&amp#27;[32mque já existe um agendamento para o dentista &amp#27;[0m&amp#27;[32m&amp#27;[1m"Dr. Carlos"&amp#27;[0m&amp#27;[32m no dia &amp#27;[0m&amp#27;[32m&amp#27;[1m"2026-05-10"&amp#27;[0m&amp#27;[32m às &amp#27;[0m&amp#27;[32m&amp#27;[1m"09:00"&amp#27;[0m             &amp#27;[90m# com.g4.odontohub.steps.AgendamentoSteps.agendamentoPreExistente(java.lang.String,java.lang.String,java.lang.String)&amp#27;[0m
  &amp#27;[32mQuando &amp#27;[0m&amp#27;[32ma recepcionista tenta registrar outro agendamento para &amp#27;[0m&amp#27;[32m&amp#27;[1m"Dr. Carlos"&amp#27;[0m&amp#27;[32m no dia &amp#27;[0m&amp#27;[32m&amp#27;[1m"2026-05-10"&amp#27;[0m&amp#27;[32m às &amp#27;[0m&amp#27;[32m&amp#27;[1m"09:00"&amp#27;[0m &amp#27;[90m# com.g4.odontohub.steps.AgendamentoSteps.tentarRegistrarConflito(java.lang.String,java.lang.String,java.lang.String)&amp#27;[0m
  &amp#27;[32mEntão &amp#27;[0m&amp#27;[32mo sistema deve rejeitar o agendamento&amp#27;[0m                                                               &amp#27;[90m# com.g4.odontohub.steps.AgendamentoSteps.sistemaRejeitaAgendamento()&amp#27;[0m
  &amp#27;[32mE &amp#27;[0m&amp#27;[32mexibir a mensagem &amp#27;[0m&amp#27;[32m&amp#27;[1m"Já existe um agendamento para este horário"&amp#27;[0m                                          &amp#27;[90m# com.g4.odontohub.steps.SharedSteps.exibirMensagem(java.lang.String)&amp#27;[0m
]]></system-out>
  </testcase>
  <testcase name="Bloquear agendamento de paciente inadimplente" classname="CucumberRunnerTest" time="0.034">
    <system-out><![CDATA[
Cenário: Bloquear agendamento de paciente inadimplente                          &amp#27;[90m# features/F01_agendamento.feature:29&amp#27;[0m
  &amp#27;[32mDado &amp#27;[0m&amp#27;[32mque o dentista &amp#27;[0m&amp#27;[32m&amp#27;[1m"Dr. Carlos"&amp#27;[0m&amp#27;[32m está cadastrado no sistema&amp#27;[0m                   &amp#27;[90m# com.g4.odontohub.steps.SharedSteps.dentistaSetup(java.lang.String)&amp#27;[0m
  &amp#27;[32mE &amp#27;[0m&amp#27;[32mque o paciente &amp#27;[0m&amp#27;[32m&amp#27;[1m"João Silva"&amp#27;[0m&amp#27;[32m está cadastrado no sistema&amp#27;[0m                      &amp#27;[90m# com.g4.odontohub.steps.SharedSteps.pacienteSetup(java.lang.String)&amp#27;[0m
  &amp#27;[32mDado &amp#27;[0m&amp#27;[32mque o paciente &amp#27;[0m&amp#27;[32m&amp#27;[1m"João Silva"&amp#27;[0m&amp#27;[32m possui uma parcela com status &amp#27;[0m&amp#27;[32m&amp#27;[1m"INADIMPLENTE"&amp#27;[0m &amp#27;[90m# com.g4.odontohub.steps.AgendamentoSteps.parcelaComStatus(java.lang.String,java.lang.String)&amp#27;[0m
  &amp#27;[32mQuando &amp#27;[0m&amp#27;[32ma recepcionista tenta registrar um agendamento para &amp#27;[0m&amp#27;[32m&amp#27;[1m"João Silva"&amp#27;[0m       &amp#27;[90m# com.g4.odontohub.steps.AgendamentoSteps.tentarRegistrarParaInadimplente(java.lang.String)&amp#27;[0m
  &amp#27;[32mEntão &amp#27;[0m&amp#27;[32mo sistema deve bloquear o registro do agendamento&amp#27;[0m                       &amp#27;[90m# com.g4.odontohub.steps.AgendamentoSteps.sistemaBloqueia()&amp#27;[0m
  &amp#27;[32mE &amp#27;[0m&amp#27;[32mexibir a mensagem &amp#27;[0m&amp#27;[32m&amp#27;[1m"Paciente com inadimplência ativa"&amp#27;[0m                        &amp#27;[90m# com.g4.odontohub.steps.SharedSteps.exibirMensagem(java.lang.String)&amp#27;[0m
]]></system-out>
  </testcase>
  <testcase name="Permitir agendamento de inadimplente com autorização do dentista" classname="CucumberRunnerTest" time="0.033">
    <system-out><![CDATA[
Cenário: Permitir agendamento de inadimplente com autorização do dentista                      &amp#27;[90m# features/F01_agendamento.feature:35&amp#27;[0m
  &amp#27;[32mDado &amp#27;[0m&amp#27;[32mque o dentista &amp#27;[0m&amp#27;[32m&amp#27;[1m"Dr. Carlos"&amp#27;[0m&amp#27;[32m está cadastrado no sistema&amp#27;[0m                                  &amp#27;[90m# com.g4.odontohub.steps.SharedSteps.dentistaSetup(java.lang.String)&amp#27;[0m
  &amp#27;[32mE &amp#27;[0m&amp#27;[32mque o paciente &amp#27;[0m&amp#27;[32m&amp#27;[1m"João Silva"&amp#27;[0m&amp#27;[32m está cadastrado no sistema&amp#27;[0m                                     &amp#27;[90m# com.g4.odontohub.steps.SharedSteps.pacienteSetup(java.lang.String)&amp#27;[0m
  &amp#27;[32mDado &amp#27;[0m&amp#27;[32mque o paciente &amp#27;[0m&amp#27;[32m&amp#27;[1m"João Silva"&amp#27;[0m&amp#27;[32m possui uma parcela com status &amp#27;[0m&amp#27;[32m&amp#27;[1m"INADIMPLENTE"&amp#27;[0m                &amp#27;[90m# com.g4.odontohub.steps.AgendamentoSteps.parcelaComStatus(java.lang.String,java.lang.String)&amp#27;[0m
  &amp#27;[32mE &amp#27;[0m&amp#27;[32mque o dentista &amp#27;[0m&amp#27;[32m&amp#27;[1m"Dr. Carlos"&amp#27;[0m&amp#27;[32m autorizou o agendamento&amp#27;[0m                                        &amp#27;[90m# com.g4.odontohub.steps.AgendamentoSteps.dentistaAutorizou(java.lang.String)&amp#27;[0m
  &amp#27;[32mQuando &amp#27;[0m&amp#27;[32ma recepcionista registra um agendamento para &amp#27;[0m&amp#27;[32m&amp#27;[1m"João Silva"&amp#27;[0m&amp#27;[32m com autorização do dentista&amp#27;[0m &amp#27;[90m# com.g4.odontohub.steps.AgendamentoSteps.registrarComAutorizacao(java.lang.String)&amp#27;[0m
  &amp#27;[32mEntão &amp#27;[0m&amp#27;[32mo agendamento deve ser criado com status &amp#27;[0m&amp#27;[32m&amp#27;[1m"PENDENTE"&amp#27;[0m                                    &amp#27;[90m# com.g4.odontohub.steps.AgendamentoSteps.verificarStatus(java.lang.String)&amp#27;[0m
  &amp#27;[32mE &amp#27;[0m&amp#27;[32mo campo &amp#27;[0m&amp#27;[32m&amp#27;[1m"autorizadoPorDentista"&amp#27;[0m&amp#27;[32m deve ser verdadeiro&amp#27;[0m                                        &amp#27;[90m# com.g4.odontohub.steps.AgendamentoSteps.campoVerdadeiro(java.lang.String)&amp#27;[0m
]]></system-out>
  </testcase>
  <testcase name="Bloquear agendamento em data passada" classname="CucumberRunnerTest" time="0.032">
    <system-out><![CDATA[
Cenário: Bloquear agendamento em data passada                                    &amp#27;[90m# features/F01_agendamento.feature:42&amp#27;[0m
  &amp#27;[32mDado &amp#27;[0m&amp#27;[32mque o dentista &amp#27;[0m&amp#27;[32m&amp#27;[1m"Dr. Carlos"&amp#27;[0m&amp#27;[32m está cadastrado no sistema&amp#27;[0m                    &amp#27;[90m# com.g4.odontohub.steps.SharedSteps.dentistaSetup(java.lang.String)&amp#27;[0m
  &amp#27;[32mE &amp#27;[0m&amp#27;[32mque o paciente &amp#27;[0m&amp#27;[32m&amp#27;[1m"João Silva"&amp#27;[0m&amp#27;[32m está cadastrado no sistema&amp#27;[0m                       &amp#27;[90m# com.g4.odontohub.steps.SharedSteps.pacienteSetup(java.lang.String)&amp#27;[0m
  &amp#27;[32mQuando &amp#27;[0m&amp#27;[32ma recepcionista tenta registrar um agendamento para o dia &amp#27;[0m&amp#27;[32m&amp#27;[1m"2020-01-01"&amp#27;[0m  &amp#27;[90m# com.g4.odontohub.steps.AgendamentoSteps.tentarRegistrarDataPassada(java.lang.String)&amp#27;[0m
  &amp#27;[32mEntão &amp#27;[0m&amp#27;[32mo sistema deve rejeitar o agendamento&amp#27;[0m                                    &amp#27;[90m# com.g4.odontohub.steps.AgendamentoSteps.sistemaRejeitaAgendamento()&amp#27;[0m
  &amp#27;[32mE &amp#27;[0m&amp#27;[32mexibir a mensagem &amp#27;[0m&amp#27;[32m&amp#27;[1m"Não é permitido registrar agendamentos em datas passadas"&amp#27;[0m &amp#27;[90m# com.g4.odontohub.steps.SharedSteps.exibirMensagem(java.lang.String)&amp#27;[0m
]]></system-out>
  </testcase>
  <testcase name="Confirmar agendamento pendente" classname="CucumberRunnerTest" time="0.054">
    <system-out><![CDATA[
Cenário: Confirmar agendamento pendente                                     &amp#27;[90m# features/F01_agendamento.feature:47&amp#27;[0m
  &amp#27;[32mDado &amp#27;[0m&amp#27;[32mque o dentista &amp#27;[0m&amp#27;[32m&amp#27;[1m"Dr. Carlos"&amp#27;[0m&amp#27;[32m está cadastrado no sistema&amp#27;[0m               &amp#27;[90m# com.g4.odontohub.steps.SharedSteps.dentistaSetup(java.lang.String)&amp#27;[0m
  &amp#27;[32mE &amp#27;[0m&amp#27;[32mque o paciente &amp#27;[0m&amp#27;[32m&amp#27;[1m"João Silva"&amp#27;[0m&amp#27;[32m está cadastrado no sistema&amp#27;[0m                  &amp#27;[90m# com.g4.odontohub.steps.SharedSteps.pacienteSetup(java.lang.String)&amp#27;[0m
  &amp#27;[32mDado &amp#27;[0m&amp#27;[32mque existe um agendamento com status &amp#27;[0m&amp#27;[32m&amp#27;[1m"PENDENTE"&amp#27;[0m&amp#27;[32m para &amp#27;[0m&amp#27;[32m&amp#27;[1m"João Silva"&amp#27;[0m    &amp#27;[90m# com.g4.odontohub.steps.AgendamentoSteps.agendamentoExistenteComStatus(java.lang.String,java.lang.String)&amp#27;[0m
  &amp#27;[32mQuando &amp#27;[0m&amp#27;[32ma recepcionista confirma o agendamento&amp#27;[0m                             &amp#27;[90m# com.g4.odontohub.steps.AgendamentoSteps.confirmarAgendamento()&amp#27;[0m
  &amp#27;[32mEntão &amp#27;[0m&amp#27;[32mo status do agendamento deve ser alterado para &amp#27;[0m&amp#27;[32m&amp#27;[1m"CONFIRMADO"&amp#27;[0m         &amp#27;[90m# com.g4.odontohub.steps.AgendamentoSteps.statusAlterado(java.lang.String)&amp#27;[0m
  &amp#27;[32mE &amp#27;[0m&amp#27;[32mo histórico de status deve registrar a alteração com data e responsável&amp#27;[0m &amp#27;[90m# com.g4.odontohub.steps.AgendamentoSteps.historicoRegistrado()&amp#27;[0m
]]></system-out>
  </testcase>
  <testcase name="Cancelar agendamento confirmado" classname="CucumberRunnerTest" time="0.034">
    <system-out><![CDATA[
Cenário: Cancelar agendamento confirmado                                              &amp#27;[90m# features/F01_agendamento.feature:53&amp#27;[0m
  &amp#27;[32mDado &amp#27;[0m&amp#27;[32mque o dentista &amp#27;[0m&amp#27;[32m&amp#27;[1m"Dr. Carlos"&amp#27;[0m&amp#27;[32m está cadastrado no sistema&amp#27;[0m                         &amp#27;[90m# com.g4.odontohub.steps.SharedSteps.dentistaSetup(java.lang.String)&amp#27;[0m
  &amp#27;[32mE &amp#27;[0m&amp#27;[32mque o paciente &amp#27;[0m&amp#27;[32m&amp#27;[1m"João Silva"&amp#27;[0m&amp#27;[32m está cadastrado no sistema&amp#27;[0m                            &amp#27;[90m# com.g4.odontohub.steps.SharedSteps.pacienteSetup(java.lang.String)&amp#27;[0m
  &amp#27;[32mDado &amp#27;[0m&amp#27;[32mque existe um agendamento com status &amp#27;[0m&amp#27;[32m&amp#27;[1m"CONFIRMADO"&amp#27;[0m&amp#27;[32m para &amp#27;[0m&amp#27;[32m&amp#27;[1m"João Silva"&amp#27;[0m            &amp#27;[90m# com.g4.odontohub.steps.AgendamentoSteps.agendamentoExistenteComStatus(java.lang.String,java.lang.String)&amp#27;[0m
  &amp#27;[32mQuando &amp#27;[0m&amp#27;[32ma recepcionista cancela o agendamento com o motivo &amp#27;[0m&amp#27;[32m&amp#27;[1m"Paciente não compareceu"&amp#27;[0m &amp#27;[90m# com.g4.odontohub.steps.AgendamentoSteps.cancelarAgendamento(java.lang.String)&amp#27;[0m
  &amp#27;[32mEntão &amp#27;[0m&amp#27;[32mo status do agendamento deve ser alterado para &amp#27;[0m&amp#27;[32m&amp#27;[1m"CANCELADO"&amp#27;[0m                    &amp#27;[90m# com.g4.odontohub.steps.AgendamentoSteps.statusAlterado(java.lang.String)&amp#27;[0m
  &amp#27;[32mE &amp#27;[0m&amp#27;[32mo histórico de status deve registrar o motivo &amp#27;[0m&amp#27;[32m&amp#27;[1m"Paciente não compareceu"&amp#27;[0m           &amp#27;[90m# com.g4.odontohub.steps.AgendamentoSteps.historicoComMotivo(java.lang.String)&amp#27;[0m
]]></system-out>
  </testcase>
  <testcase name="Criar prontuário automaticamente no primeiro atendimento" classname="CucumberRunnerTest" time="0.063">
    <system-out><![CDATA[
Cenário: Criar prontuário automaticamente no primeiro atendimento             &amp#27;[90m# features/F02_ficha_clinica.feature:11&amp#27;[0m
  &amp#27;[32mDado &amp#27;[0m&amp#27;[32mque o paciente &amp#27;[0m&amp#27;[32m&amp#27;[1m"Maria Souza"&amp#27;[0m&amp#27;[32m está cadastrado no sistema&amp#27;[0m                &amp#27;[90m# com.g4.odontohub.steps.SharedSteps.pacienteSetup(java.lang.String)&amp#27;[0m
  &amp#27;[32mE &amp#27;[0m&amp#27;[32mque existe um agendamento confirmado para &amp#27;[0m&amp#27;[32m&amp#27;[1m"Maria Souza"&amp#27;[0m                   &amp#27;[90m# com.g4.odontohub.steps.ProntuarioSteps.agendamentoConfirmadoSetup(java.lang.String)&amp#27;[0m
  &amp#27;[32mDado &amp#27;[0m&amp#27;[32mque o paciente &amp#27;[0m&amp#27;[32m&amp#27;[1m"Maria Souza"&amp#27;[0m&amp#27;[32m não possui prontuário&amp#27;[0m                     &amp#27;[90m# com.g4.odontohub.steps.ProntuarioSteps.pacienteSemProntuario(java.lang.String)&amp#27;[0m
  &amp#27;[32mQuando &amp#27;[0m&amp#27;[32mo dentista registra a primeira ficha clínica para &amp#27;[0m&amp#27;[32m&amp#27;[1m"Maria Souza"&amp#27;[0m      &amp#27;[90m# com.g4.odontohub.steps.ProntuarioSteps.registrarPrimeiraFicha(java.lang.String)&amp#27;[0m
  &amp#27;[32mEntão &amp#27;[0m&amp#27;[32mo sistema deve criar automaticamente um prontuário para &amp#27;[0m&amp#27;[32m&amp#27;[1m"Maria Souza"&amp#27;[0m &amp#27;[90m# com.g4.odontohub.steps.ProntuarioSteps.deveCriarProntuarioAutomatico(java.lang.String)&amp#27;[0m
  &amp#27;[32mE &amp#27;[0m&amp#27;[32ma ficha clínica deve ser vinculada ao prontuário criado&amp#27;[0m                   &amp#27;[90m# com.g4.odontohub.steps.ProntuarioSteps.fichaDeveEstarVinculada()&amp#27;[0m
  &amp#27;[32mE &amp#27;[0m&amp#27;[32mo prontuário deve ter status &amp#27;[0m&amp#27;[32m&amp#27;[1m"ATIVO"&amp#27;[0m                                      &amp#27;[90m# com.g4.odontohub.steps.ProntuarioSteps.prontuarioDeveTermStatus(java.lang.String)&amp#27;[0m
]]></system-out>
  </testcase>
  <testcase name="Criar nova ficha clínica em prontuário existente" classname="CucumberRunnerTest" time="0.029">
    <system-out><![CDATA[
Cenário: Criar nova ficha clínica em prontuário existente                          &amp#27;[90m# features/F02_ficha_clinica.feature:18&amp#27;[0m
  &amp#27;[32mDado &amp#27;[0m&amp#27;[32mque o paciente &amp#27;[0m&amp#27;[32m&amp#27;[1m"Maria Souza"&amp#27;[0m&amp#27;[32m está cadastrado no sistema&amp#27;[0m                     &amp#27;[90m# com.g4.odontohub.steps.SharedSteps.pacienteSetup(java.lang.String)&amp#27;[0m
  &amp#27;[32mE &amp#27;[0m&amp#27;[32mque existe um agendamento confirmado para &amp#27;[0m&amp#27;[32m&amp#27;[1m"Maria Souza"&amp#27;[0m                        &amp#27;[90m# com.g4.odontohub.steps.ProntuarioSteps.agendamentoConfirmadoSetup(java.lang.String)&amp#27;[0m
  &amp#27;[32mDado &amp#27;[0m&amp#27;[32mque o paciente &amp#27;[0m&amp#27;[32m&amp#27;[1m"Maria Souza"&amp#27;[0m&amp#27;[32m já possui um prontuário ativo&amp#27;[0m                  &amp#27;[90m# com.g4.odontohub.steps.ProntuarioSteps.pacienteJaPossuiProntuario(java.lang.String)&amp#27;[0m
  &amp#27;[32mQuando &amp#27;[0m&amp#27;[32mo dentista registra um novo atendimento para &amp#27;[0m&amp#27;[32m&amp#27;[1m"Maria Souza"&amp#27;[0m                &amp#27;[90m# com.g4.odontohub.steps.ProntuarioSteps.registrarNovoAtendimento(java.lang.String)&amp#27;[0m
  &amp#27;[32mEntão &amp#27;[0m&amp#27;[32mo sistema deve criar uma nova ficha clínica dentro do prontuário existente&amp#27;[0m &amp#27;[90m# com.g4.odontohub.steps.ProntuarioSteps.deveCriarNovaFichaNoMesmoProntuario()&amp#27;[0m
  &amp#27;[32mE &amp#27;[0m&amp#27;[32mnão deve criar um novo prontuário&amp#27;[0m                                              &amp#27;[90m# com.g4.odontohub.steps.ProntuarioSteps.naoDeveCriarNovoProntuario()&amp#27;[0m
]]></system-out>
  </testcase>
  <testcase name="Impedir edição de evolução clínica após confirmação" classname="CucumberRunnerTest" time="0.046">
    <system-out><![CDATA[
Cenário: Impedir edição de evolução clínica após confirmação                                                              &amp#27;[90m# features/F02_ficha_clinica.feature:24&amp#27;[0m
  &amp#27;[32mDado &amp#27;[0m&amp#27;[32mque o paciente &amp#27;[0m&amp#27;[32m&amp#27;[1m"Maria Souza"&amp#27;[0m&amp#27;[32m está cadastrado no sistema&amp#27;[0m                                                            &amp#27;[90m# com.g4.odontohub.steps.SharedSteps.pacienteSetup(java.lang.String)&amp#27;[0m
  &amp#27;[32mE &amp#27;[0m&amp#27;[32mque existe um agendamento confirmado para &amp#27;[0m&amp#27;[32m&amp#27;[1m"Maria Souza"&amp#27;[0m                                                               &amp#27;[90m# com.g4.odontohub.steps.ProntuarioSteps.agendamentoConfirmadoSetup(java.lang.String)&amp#27;[0m
  &amp#27;[32mDado &amp#27;[0m&amp#27;[32mque existe uma ficha clínica confirmada para &amp#27;[0m&amp#27;[32m&amp#27;[1m"Maria Souza"&amp#27;[0m&amp#27;[32m com a evolução &amp#27;[0m&amp#27;[32m&amp#27;[1m"Extração realizada sem intercorrências"&amp#27;[0m &amp#27;[90m# com.g4.odontohub.steps.ProntuarioSteps.fichaClinicaConfirmada(java.lang.String,java.lang.String)&amp#27;[0m
  &amp#27;[32mQuando &amp#27;[0m&amp#27;[32mo dentista tenta editar a evolução &amp#27;[0m&amp#27;[32m&amp#27;[1m"Extração realizada sem intercorrências"&amp#27;[0m                                      &amp#27;[90m# com.g4.odontohub.steps.ProntuarioSteps.tentarEditarEvolucao(java.lang.String)&amp#27;[0m
  &amp#27;[32mEntão &amp#27;[0m&amp#27;[32mo sistema deve rejeitar a edição&amp#27;[0m                                                                                  &amp#27;[90m# com.g4.odontohub.steps.SharedSteps.sistemaRejeitaEdicao()&amp#27;[0m
  &amp#27;[32mE &amp#27;[0m&amp#27;[32mexibir a mensagem &amp#27;[0m&amp#27;[32m&amp#27;[1m"Evoluções confirmadas não podem ser editadas"&amp#27;[0m                                                      &amp#27;[90m# com.g4.odontohub.steps.SharedSteps.exibirMensagem(java.lang.String)&amp#27;[0m
]]></system-out>
  </testcase>
  <testcase name="Exigir vínculo com agendamento confirmado" classname="CucumberRunnerTest" time="0.034">
    <system-out><![CDATA[
Cenário: Exigir vínculo com agendamento confirmado                                        &amp#27;[90m# features/F02_ficha_clinica.feature:30&amp#27;[0m
  &amp#27;[32mDado &amp#27;[0m&amp#27;[32mque o paciente &amp#27;[0m&amp#27;[32m&amp#27;[1m"Maria Souza"&amp#27;[0m&amp#27;[32m está cadastrado no sistema&amp#27;[0m                            &amp#27;[90m# com.g4.odontohub.steps.SharedSteps.pacienteSetup(java.lang.String)&amp#27;[0m
  &amp#27;[32mE &amp#27;[0m&amp#27;[32mque existe um agendamento confirmado para &amp#27;[0m&amp#27;[32m&amp#27;[1m"Maria Souza"&amp#27;[0m                               &amp#27;[90m# com.g4.odontohub.steps.ProntuarioSteps.agendamentoConfirmadoSetup(java.lang.String)&amp#27;[0m
  &amp#27;[32mDado &amp#27;[0m&amp#27;[32mque não existe agendamento confirmado para &amp#27;[0m&amp#27;[32m&amp#27;[1m"Maria Souza"&amp#27;[0m&amp#27;[32m na data atual&amp#27;[0m             &amp#27;[90m# com.g4.odontohub.steps.ProntuarioSteps.semAgendamentoConfirmado(java.lang.String)&amp#27;[0m
  &amp#27;[32mQuando &amp#27;[0m&amp#27;[32mo dentista tenta registrar uma ficha clínica para &amp#27;[0m&amp#27;[32m&amp#27;[1m"Maria Souza"&amp#27;[0m                  &amp#27;[90m# com.g4.odontohub.steps.ProntuarioSteps.tentarRegistrarFicha(java.lang.String)&amp#27;[0m
  &amp#27;[32mEntão &amp#27;[0m&amp#27;[32mo sistema deve rejeitar o registro&amp#27;[0m                                                &amp#27;[90m# com.g4.odontohub.steps.SharedSteps.sistemaRejeitaRegistro()&amp#27;[0m
  &amp#27;[32mE &amp#27;[0m&amp#27;[32mexibir a mensagem &amp#27;[0m&amp#27;[32m&amp#27;[1m"É necessário um agendamento confirmado para registrar atendimento"&amp#27;[0m &amp#27;[90m# com.g4.odontohub.steps.SharedSteps.exibirMensagem(java.lang.String)&amp#27;[0m
]]></system-out>
  </testcase>
  <testcase name="Encerrar prontuário com justificativa" classname="CucumberRunnerTest" time="0.039">
    <system-out><![CDATA[
Cenário: Encerrar prontuário com justificativa                                                         &amp#27;[90m# features/F02_ficha_clinica.feature:36&amp#27;[0m
  &amp#27;[32mDado &amp#27;[0m&amp#27;[32mque o paciente &amp#27;[0m&amp#27;[32m&amp#27;[1m"Maria Souza"&amp#27;[0m&amp#27;[32m está cadastrado no sistema&amp#27;[0m                                         &amp#27;[90m# com.g4.odontohub.steps.SharedSteps.pacienteSetup(java.lang.String)&amp#27;[0m
  &amp#27;[32mE &amp#27;[0m&amp#27;[32mque existe um agendamento confirmado para &amp#27;[0m&amp#27;[32m&amp#27;[1m"Maria Souza"&amp#27;[0m                                            &amp#27;[90m# com.g4.odontohub.steps.ProntuarioSteps.agendamentoConfirmadoSetup(java.lang.String)&amp#27;[0m
  &amp#27;[32mDado &amp#27;[0m&amp#27;[32mque o prontuário de &amp#27;[0m&amp#27;[32m&amp#27;[1m"Maria Souza"&amp#27;[0m&amp#27;[32m tem status &amp#27;[0m&amp#27;[32m&amp#27;[1m"ATIVO"&amp#27;[0m                                            &amp#27;[90m# com.g4.odontohub.steps.ProntuarioSteps.prontuarioComStatus(java.lang.String,java.lang.String)&amp#27;[0m
  &amp#27;[32mQuando &amp#27;[0m&amp#27;[32mo dentista encerra o prontuário com a justificativa &amp#27;[0m&amp#27;[32m&amp#27;[1m"Paciente transferido para outra clínica"&amp#27;[0m &amp#27;[90m# com.g4.odontohub.steps.ProntuarioSteps.encerrarProntuario(java.lang.String)&amp#27;[0m
  &amp#27;[32mEntão &amp#27;[0m&amp#27;[32mo status do prontuário deve ser alterado para &amp#27;[0m&amp#27;[32m&amp#27;[1m"ENCERRADO"&amp#27;[0m                                      &amp#27;[90m# com.g4.odontohub.steps.ProntuarioSteps.statusProntuarioAlterado(java.lang.String)&amp#27;[0m
  &amp#27;[32mE &amp#27;[0m&amp#27;[32ma justificativa deve ser registrada&amp#27;[0m                                                                &amp#27;[90m# com.g4.odontohub.steps.ProntuarioSteps.justificativaDeveSerRegistrada()&amp#27;[0m
]]></system-out>
  </testcase>
  <testcase name="Impedir exclusão de prontuário" classname="CucumberRunnerTest" time="0.04">
    <system-out><![CDATA[
Cenário: Impedir exclusão de prontuário                                        &amp#27;[90m# features/F02_ficha_clinica.feature:42&amp#27;[0m
  &amp#27;[32mDado &amp#27;[0m&amp#27;[32mque o paciente &amp#27;[0m&amp#27;[32m&amp#27;[1m"Maria Souza"&amp#27;[0m&amp#27;[32m está cadastrado no sistema&amp#27;[0m                 &amp#27;[90m# com.g4.odontohub.steps.SharedSteps.pacienteSetup(java.lang.String)&amp#27;[0m
  &amp#27;[32mE &amp#27;[0m&amp#27;[32mque existe um agendamento confirmado para &amp#27;[0m&amp#27;[32m&amp#27;[1m"Maria Souza"&amp#27;[0m                    &amp#27;[90m# com.g4.odontohub.steps.ProntuarioSteps.agendamentoConfirmadoSetup(java.lang.String)&amp#27;[0m
  &amp#27;[32mDado &amp#27;[0m&amp#27;[32mque existe um prontuário para &amp#27;[0m&amp#27;[32m&amp#27;[1m"Maria Souza"&amp#27;[0m                             &amp#27;[90m# com.g4.odontohub.steps.ProntuarioSteps.prontuarioExistente(java.lang.String)&amp#27;[0m
  &amp#27;[32mQuando &amp#27;[0m&amp#27;[32mqualquer usuário tenta excluir o prontuário de &amp#27;[0m&amp#27;[32m&amp#27;[1m"Maria Souza"&amp#27;[0m          &amp#27;[90m# com.g4.odontohub.steps.ProntuarioSteps.tentarExcluirProntuario(java.lang.String)&amp#27;[0m
  &amp#27;[32mEntão &amp#27;[0m&amp#27;[32mo sistema deve rejeitar a exclusão&amp#27;[0m                                     &amp#27;[90m# com.g4.odontohub.steps.SharedSteps.sistemaRejeitaExclusao()&amp#27;[0m
  &amp#27;[32mE &amp#27;[0m&amp#27;[32mexibir a mensagem &amp#27;[0m&amp#27;[32m&amp#27;[1m"Prontuários não podem ser excluídos, apenas encerrados"&amp#27;[0m &amp#27;[90m# com.g4.odontohub.steps.SharedSteps.exibirMensagem(java.lang.String)&amp#27;[0m
]]></system-out>
  </testcase>
  <testcase name="Registrar anamnese na primeira consulta" classname="CucumberRunnerTest" time="0.037">
    <system-out><![CDATA[
Cenário: Registrar anamnese na primeira consulta                                                                       &amp#27;[90m# features/F03_anamnese.feature:10&amp#27;[0m
  &amp#27;[32mDado &amp#27;[0m&amp#27;[32mque o paciente &amp#27;[0m&amp#27;[32m&amp#27;[1m"Pedro Lima"&amp#27;[0m&amp#27;[32m está cadastrado no sistema&amp#27;[0m                                                          &amp#27;[90m# com.g4.odontohub.steps.SharedSteps.pacienteSetup(java.lang.String)&amp#27;[0m
  &amp#27;[32mDado &amp#27;[0m&amp#27;[32mque o paciente &amp#27;[0m&amp#27;[32m&amp#27;[1m"Pedro Lima"&amp#27;[0m&amp#27;[32m não possui anamnese registrada&amp#27;[0m                                                      &amp#27;[90m# com.g4.odontohub.steps.AnamneseSteps.pacienteSemAnamnese(java.lang.String)&amp#27;[0m
  &amp#27;[32mQuando &amp#27;[0m&amp#27;[32mo dentista registra a anamnese com alergia a &amp#27;[0m&amp#27;[32m&amp#27;[1m"Penicilina"&amp#27;[0m&amp#27;[32m e contraindicação a &amp#27;[0m&amp#27;[32m&amp#27;[1m"Anestésico com vasoconstritor"&amp#27;[0m &amp#27;[90m# com.g4.odontohub.steps.AnamneseSteps.registrarAnamnese(java.lang.String,java.lang.String)&amp#27;[0m
  &amp#27;[32mEntão &amp#27;[0m&amp#27;[32ma anamnese deve ser salva com as informações fornecidas&amp#27;[0m                                                        &amp#27;[90m# com.g4.odontohub.steps.AnamneseSteps.anamneseDeveSalva()&amp#27;[0m
  &amp#27;[32mE &amp#27;[0m&amp#27;[32ma data e o responsável pelo registro devem ser gravados&amp#27;[0m                                                            &amp#27;[90m# com.g4.odontohub.steps.AnamneseSteps.dataEResponsavelGravados()&amp#27;[0m
]]></system-out>
  </testcase>
  <testcase name="Bloquear criação de plano de tratamento sem anamnese" classname="CucumberRunnerTest" time="0.034">
    <system-out><![CDATA[
Cenário: Bloquear criação de plano de tratamento sem anamnese                                   &amp#27;[90m# features/F03_anamnese.feature:16&amp#27;[0m
  &amp#27;[32mDado &amp#27;[0m&amp#27;[32mque o paciente &amp#27;[0m&amp#27;[32m&amp#27;[1m"Pedro Lima"&amp#27;[0m&amp#27;[32m está cadastrado no sistema&amp#27;[0m                                   &amp#27;[90m# com.g4.odontohub.steps.SharedSteps.pacienteSetup(java.lang.String)&amp#27;[0m
  &amp#27;[32mDado &amp#27;[0m&amp#27;[32mque o paciente &amp#27;[0m&amp#27;[32m&amp#27;[1m"Pedro Lima"&amp#27;[0m&amp#27;[32m não possui anamnese registrada&amp#27;[0m                               &amp#27;[90m# com.g4.odontohub.steps.AnamneseSteps.pacienteSemAnamnese(java.lang.String)&amp#27;[0m
  &amp#27;[32mQuando &amp#27;[0m&amp#27;[32mo dentista tenta criar um plano de tratamento para &amp#27;[0m&amp#27;[32m&amp#27;[1m"Pedro Lima"&amp#27;[0m                        &amp#27;[90m# com.g4.odontohub.steps.AnamneseSteps.tentarCriarPlanoSemAnamnese(java.lang.String)&amp#27;[0m
  &amp#27;[32mEntão &amp#27;[0m&amp#27;[32mo sistema deve bloquear a criação do plano&amp#27;[0m                                              &amp#27;[90m# com.g4.odontohub.steps.AnamneseSteps.sistemaBloqueiaPlano()&amp#27;[0m
  &amp#27;[32mE &amp#27;[0m&amp#27;[32mexibir a mensagem &amp#27;[0m&amp#27;[32m&amp#27;[1m"É necessário registrar a anamnese antes de criar um plano de tratamento"&amp#27;[0m &amp#27;[90m# com.g4.odontohub.steps.SharedSteps.exibirMensagem(java.lang.String)&amp#27;[0m
]]></system-out>
  </testcase>
  <testcase name="Exibir alerta de alergia em procedimentos subsequentes" classname="CucumberRunnerTest" time="0.069">
    <system-out><![CDATA[
Cenário: Exibir alerta de alergia em procedimentos subsequentes                                 &amp#27;[90m# features/F03_anamnese.feature:22&amp#27;[0m
  &amp#27;[32mDado &amp#27;[0m&amp#27;[32mque o paciente &amp#27;[0m&amp#27;[32m&amp#27;[1m"Pedro Lima"&amp#27;[0m&amp#27;[32m está cadastrado no sistema&amp#27;[0m                                   &amp#27;[90m# com.g4.odontohub.steps.SharedSteps.pacienteSetup(java.lang.String)&amp#27;[0m
  &amp#27;[32mDado &amp#27;[0m&amp#27;[32mque a anamnese de &amp#27;[0m&amp#27;[32m&amp#27;[1m"Pedro Lima"&amp#27;[0m&amp#27;[32m registra alergia a &amp#27;[0m&amp#27;[32m&amp#27;[1m"Penicilina"&amp#27;[0m                           &amp#27;[90m# com.g4.odontohub.steps.AnamneseSteps.anamneseComAlergia(java.lang.String,java.lang.String)&amp#27;[0m
  &amp#27;[32mQuando &amp#27;[0m&amp#27;[32mo dentista tenta registrar um procedimento que utiliza &amp#27;[0m&amp#27;[32m&amp#27;[1m"Amoxicilina"&amp#27;[0m&amp#27;[32m para &amp#27;[0m&amp#27;[32m&amp#27;[1m"Pedro Lima"&amp#27;[0m &amp#27;[90m# com.g4.odontohub.steps.AnamneseSteps.tentarProcedimentoComSubstancia(java.lang.String,java.lang.String)&amp#27;[0m
  &amp#27;[32mEntão &amp#27;[0m&amp#27;[32mo sistema deve exibir um alerta de alergia&amp#27;[0m                                              &amp#27;[90m# com.g4.odontohub.steps.AnamneseSteps.sistemaExibeAlertaAlergia()&amp#27;[0m
  &amp#27;[32mE &amp#27;[0m&amp#27;[32ma mensagem deve informar &amp#27;[0m&amp#27;[32m&amp#27;[1m"Paciente alérgico a substância relacionada: Penicilina"&amp#27;[0m           &amp#27;[90m# com.g4.odontohub.steps.SharedSteps.mensagemDeveInformar(java.lang.String)&amp#27;[0m
]]></system-out>
  </testcase>
  <testcase name="Atualizar anamnese e manter histórico de versões" classname="CucumberRunnerTest" time="0.09">
    <system-out><![CDATA[
Cenário: Atualizar anamnese e manter histórico de versões                       &amp#27;[90m# features/F03_anamnese.feature:28&amp#27;[0m
  &amp#27;[32mDado &amp#27;[0m&amp#27;[32mque o paciente &amp#27;[0m&amp#27;[32m&amp#27;[1m"Pedro Lima"&amp#27;[0m&amp#27;[32m está cadastrado no sistema&amp#27;[0m                   &amp#27;[90m# com.g4.odontohub.steps.SharedSteps.pacienteSetup(java.lang.String)&amp#27;[0m
  &amp#27;[32mDado &amp#27;[0m&amp#27;[32mque o paciente &amp#27;[0m&amp#27;[32m&amp#27;[1m"Pedro Lima"&amp#27;[0m&amp#27;[32m possui anamnese na versão &amp#27;[0m&amp#27;[32m&amp#27;[1m1&amp#27;[0m                  &amp#27;[90m# com.g4.odontohub.steps.AnamneseSteps.pacienteComAnamneseNaVersao(java.lang.String,int)&amp#27;[0m
  &amp#27;[32mQuando &amp#27;[0m&amp#27;[32mo dentista atualiza a anamnese adicionando alergia a &amp#27;[0m&amp#27;[32m&amp#27;[1m"Dipirona"&amp#27;[0m        &amp#27;[90m# com.g4.odontohub.steps.AnamneseSteps.atualizarAdicionandoAlergia(java.lang.String)&amp#27;[0m
  &amp#27;[32mEntão &amp#27;[0m&amp#27;[32ma anamnese deve ser atualizada para a versão &amp#27;[0m&amp#27;[32m&amp#27;[1m2&amp#27;[0m                          &amp#27;[90m# com.g4.odontohub.steps.AnamneseSteps.anamneseDeveEstarNaVersao(int)&amp#27;[0m
  &amp#27;[32mE &amp#27;[0m&amp#27;[32mo histórico deve preservar a versão &amp#27;[0m&amp#27;[32m&amp#27;[1m1&amp#27;[0m&amp#27;[32m com data e responsável pela alteração&amp#27;[0m &amp#27;[90m# com.g4.odontohub.steps.AnamneseSteps.historicoDevePreservarVersao(int)&amp#27;[0m
]]></system-out>
  </testcase>
  <testcase name="Registrar data e responsável em cada atualização" classname="CucumberRunnerTest" time="0.029">
    <system-out><![CDATA[
Cenário: Registrar data e responsável em cada atualização                              &amp#27;[90m# features/F03_anamnese.feature:34&amp#27;[0m
  &amp#27;[32mDado &amp#27;[0m&amp#27;[32mque o paciente &amp#27;[0m&amp#27;[32m&amp#27;[1m"Pedro Lima"&amp#27;[0m&amp#27;[32m está cadastrado no sistema&amp#27;[0m                          &amp#27;[90m# com.g4.odontohub.steps.SharedSteps.pacienteSetup(java.lang.String)&amp#27;[0m
  &amp#27;[32mDado &amp#27;[0m&amp#27;[32mque o paciente &amp#27;[0m&amp#27;[32m&amp#27;[1m"Pedro Lima"&amp#27;[0m&amp#27;[32m possui anamnese registrada&amp#27;[0m                          &amp#27;[90m# com.g4.odontohub.steps.AnamneseSteps.pacienteComAnamneseRegistrada(java.lang.String)&amp#27;[0m
  &amp#27;[32mQuando &amp#27;[0m&amp#27;[32ma dentista &amp#27;[0m&amp#27;[32m&amp#27;[1m"Dra. Ana"&amp#27;[0m&amp#27;[32m atualiza as condições sistêmicas da anamnese&amp#27;[0m            &amp#27;[90m# com.g4.odontohub.steps.AnamneseSteps.atualizarCondicoesSistemicas(java.lang.String)&amp#27;[0m
  &amp#27;[32mEntão &amp#27;[0m&amp#27;[32ma atualização deve registrar a data atual e o nome &amp#27;[0m&amp#27;[32m&amp#27;[1m"Dra. Ana"&amp#27;[0m&amp#27;[32m como responsável&amp#27;[0m &amp#27;[90m# com.g4.odontohub.steps.AnamneseSteps.atualizacaoDeveRegistrarResponsavel(java.lang.String)&amp#27;[0m
]]></system-out>
  </testcase>
  <testcase name="Criar plano de tratamento com anamnese registrada" classname="CucumberRunnerTest" time="0.054">
    <system-out><![CDATA[
Cenário: Criar plano de tratamento com anamnese registrada                                  &amp#27;[90m# features/F05_plano_tratamento.feature:11&amp#27;[0m
  &amp#27;[32mDado &amp#27;[0m&amp#27;[32mque o paciente &amp#27;[0m&amp#27;[32m&amp#27;[1m"Carlos Mendes"&amp#27;[0m&amp#27;[32m está cadastrado no sistema&amp#27;[0m                            &amp#27;[90m# com.g4.odontohub.steps.SharedSteps.pacienteSetup(java.lang.String)&amp#27;[0m
  &amp#27;[32mE &amp#27;[0m&amp#27;[32mque o paciente &amp#27;[0m&amp#27;[32m&amp#27;[1m"Carlos Mendes"&amp#27;[0m&amp#27;[32m possui anamnese registrada&amp#27;[0m                               &amp#27;[90m# com.g4.odontohub.steps.AnamneseSteps.pacienteComAnamneseRegistrada(java.lang.String)&amp#27;[0m
  &amp#27;[32mDado &amp#27;[0m&amp#27;[32mque o paciente &amp#27;[0m&amp#27;[32m&amp#27;[1m"Carlos Mendes"&amp#27;[0m&amp#27;[32m possui anamnese registrada&amp#27;[0m                            &amp#27;[90m# com.g4.odontohub.steps.AnamneseSteps.pacienteComAnamneseRegistrada(java.lang.String)&amp#27;[0m
  &amp#27;[32mQuando &amp#27;[0m&amp#27;[32mo dentista cria um plano de tratamento com os procedimentos &amp#27;[0m&amp#27;[32m&amp#27;[1m"Extração"&amp#27;[0m&amp#27;[32m e &amp#27;[0m&amp#27;[32m&amp#27;[1m"Limpeza"&amp#27;[0m &amp#27;[90m# com.g4.odontohub.steps.F05PlanoTratamentoSteps.cria_plano_tratamento(java.lang.String,java.lang.String)&amp#27;[0m
  &amp#27;[32mEntão &amp#27;[0m&amp#27;[32mo plano de tratamento deve ser criado com status &amp#27;[0m&amp#27;[32m&amp#27;[1m"ATIVO"&amp#27;[0m                            &amp#27;[90m# com.g4.odontohub.steps.F05PlanoTratamentoSteps.plano_criado_status(java.lang.String)&amp#27;[0m
  &amp#27;[32mE &amp#27;[0m&amp#27;[32mos procedimentos devem ter status inicial &amp#27;[0m&amp#27;[32m&amp#27;[1m"PENDENTE"&amp#27;[0m                                    &amp#27;[90m# com.g4.odontohub.steps.F05PlanoTratamentoSteps.procedimentos_status_inicial(java.lang.String)&amp#27;[0m
  &amp#27;[32mE &amp#27;[0m&amp#27;[32mo plano deve ser registrado na versão &amp#27;[0m&amp#27;[32m&amp#27;[1m1&amp#27;[0m                                                 &amp#27;[90m# com.g4.odontohub.steps.F05PlanoTratamentoSteps.plano_versao(java.lang.Integer)&amp#27;[0m
]]></system-out>
  </testcase>
  <testcase name="Bloquear criação de plano sem anamnese" classname="CucumberRunnerTest" time="0.029">
    <system-out><![CDATA[
Cenário: Bloquear criação de plano sem anamnese                                                 &amp#27;[90m# features/F05_plano_tratamento.feature:18&amp#27;[0m
  &amp#27;[32mDado &amp#27;[0m&amp#27;[32mque o paciente &amp#27;[0m&amp#27;[32m&amp#27;[1m"Carlos Mendes"&amp#27;[0m&amp#27;[32m está cadastrado no sistema&amp#27;[0m                                &amp#27;[90m# com.g4.odontohub.steps.SharedSteps.pacienteSetup(java.lang.String)&amp#27;[0m
  &amp#27;[32mE &amp#27;[0m&amp#27;[32mque o paciente &amp#27;[0m&amp#27;[32m&amp#27;[1m"Carlos Mendes"&amp#27;[0m&amp#27;[32m possui anamnese registrada&amp#27;[0m                                   &amp#27;[90m# com.g4.odontohub.steps.AnamneseSteps.pacienteComAnamneseRegistrada(java.lang.String)&amp#27;[0m
  &amp#27;[32mDado &amp#27;[0m&amp#27;[32mque o paciente &amp#27;[0m&amp#27;[32m&amp#27;[1m"Carlos Mendes"&amp#27;[0m&amp#27;[32m não possui anamnese registrada&amp#27;[0m                            &amp#27;[90m# com.g4.odontohub.steps.AnamneseSteps.pacienteSemAnamnese(java.lang.String)&amp#27;[0m
  &amp#27;[32mQuando &amp#27;[0m&amp#27;[32mo dentista tenta criar um plano de tratamento para o paciente &amp#27;[0m&amp#27;[32m&amp#27;[1m"Carlos Mendes"&amp#27;[0m          &amp#27;[90m# com.g4.odontohub.steps.F05PlanoTratamentoSteps.tenta_criar_plano_paciente(java.lang.String)&amp#27;[0m
  &amp#27;[32mEntão &amp#27;[0m&amp#27;[32mo sistema deve bloquear a criação&amp#27;[0m                                                       &amp#27;[90m# com.g4.odontohub.steps.F05PlanoTratamentoSteps.sistema_bloqueia_criacao()&amp#27;[0m
  &amp#27;[32mE &amp#27;[0m&amp#27;[32mexibir a mensagem &amp#27;[0m&amp#27;[32m&amp#27;[1m"É necessário registrar a anamnese antes de criar um plano de tratamento"&amp#27;[0m &amp#27;[90m# com.g4.odontohub.steps.SharedSteps.exibirMensagem(java.lang.String)&amp#27;[0m
]]></system-out>
  </testcase>
  <testcase name="Cancelar procedimento com justificativa obrigatória" classname="CucumberRunnerTest" time="0.045">
    <system-out><![CDATA[
Cenário: Cancelar procedimento com justificativa obrigatória                                          &amp#27;[90m# features/F05_plano_tratamento.feature:24&amp#27;[0m
  &amp#27;[32mDado &amp#27;[0m&amp#27;[32mque o paciente &amp#27;[0m&amp#27;[32m&amp#27;[1m"Carlos Mendes"&amp#27;[0m&amp#27;[32m está cadastrado no sistema&amp#27;[0m                                      &amp#27;[90m# com.g4.odontohub.steps.SharedSteps.pacienteSetup(java.lang.String)&amp#27;[0m
  &amp#27;[32mE &amp#27;[0m&amp#27;[32mque o paciente &amp#27;[0m&amp#27;[32m&amp#27;[1m"Carlos Mendes"&amp#27;[0m&amp#27;[32m possui anamnese registrada&amp#27;[0m                                         &amp#27;[90m# com.g4.odontohub.steps.AnamneseSteps.pacienteComAnamneseRegistrada(java.lang.String)&amp#27;[0m
  &amp#27;[32mDado &amp#27;[0m&amp#27;[32mque existe um plano de tratamento ativo com o procedimento &amp#27;[0m&amp#27;[32m&amp#27;[1m"Restauração"&amp#27;[0m&amp#27;[32m com status &amp#27;[0m&amp#27;[32m&amp#27;[1m"PENDENTE"&amp#27;[0m &amp#27;[90m# com.g4.odontohub.steps.F05PlanoTratamentoSteps.existe_plano_ativo_com_procedimento(java.lang.String,java.lang.String)&amp#27;[0m
  &amp#27;[32mQuando &amp#27;[0m&amp#27;[32mo dentista cancela o procedimento &amp#27;[0m&amp#27;[32m&amp#27;[1m"Restauração"&amp#27;[0m&amp#27;[32m sem informar justificativa&amp#27;[0m                   &amp#27;[90m# com.g4.odontohub.steps.F05PlanoTratamentoSteps.cancela_procedimento_sem_justificativa(java.lang.String)&amp#27;[0m
  &amp#27;[32mEntão &amp#27;[0m&amp#27;[32mo sistema deve rejeitar o cancelamento&amp#27;[0m                                                        &amp#27;[90m# com.g4.odontohub.steps.F05PlanoTratamentoSteps.sistema_rejeita_cancelamento()&amp#27;[0m
  &amp#27;[32mE &amp#27;[0m&amp#27;[32mexibir a mensagem &amp#27;[0m&amp#27;[32m&amp#27;[1m"Justificativa é obrigatória para cancelar um procedimento"&amp#27;[0m                     &amp#27;[90m# com.g4.odontohub.steps.SharedSteps.exibirMensagem(java.lang.String)&amp#27;[0m
]]></system-out>
  </testcase>
  <testcase name="Cancelar procedimento com justificativa válida" classname="CucumberRunnerTest" time="0.078">
    <system-out><![CDATA[
Cenário: Cancelar procedimento com justificativa válida                                               &amp#27;[90m# features/F05_plano_tratamento.feature:30&amp#27;[0m
  &amp#27;[32mDado &amp#27;[0m&amp#27;[32mque o paciente &amp#27;[0m&amp#27;[32m&amp#27;[1m"Carlos Mendes"&amp#27;[0m&amp#27;[32m está cadastrado no sistema&amp#27;[0m                                      &amp#27;[90m# com.g4.odontohub.steps.SharedSteps.pacienteSetup(java.lang.String)&amp#27;[0m
  &amp#27;[32mE &amp#27;[0m&amp#27;[32mque o paciente &amp#27;[0m&amp#27;[32m&amp#27;[1m"Carlos Mendes"&amp#27;[0m&amp#27;[32m possui anamnese registrada&amp#27;[0m                                         &amp#27;[90m# com.g4.odontohub.steps.AnamneseSteps.pacienteComAnamneseRegistrada(java.lang.String)&amp#27;[0m
  &amp#27;[32mDado &amp#27;[0m&amp#27;[32mque existe um plano de tratamento ativo com o procedimento &amp#27;[0m&amp#27;[32m&amp#27;[1m"Restauração"&amp#27;[0m&amp#27;[32m com status &amp#27;[0m&amp#27;[32m&amp#27;[1m"PENDENTE"&amp#27;[0m &amp#27;[90m# com.g4.odontohub.steps.F05PlanoTratamentoSteps.existe_plano_ativo_com_procedimento(java.lang.String,java.lang.String)&amp#27;[0m
  &amp#27;[32mQuando &amp#27;[0m&amp#27;[32mo dentista cancela o procedimento &amp#27;[0m&amp#27;[32m&amp#27;[1m"Restauração"&amp#27;[0m&amp#27;[32m com a justificativa &amp#27;[0m&amp#27;[32m&amp#27;[1m"Dente extraído"&amp#27;[0m         &amp#27;[90m# com.g4.odontohub.steps.F05PlanoTratamentoSteps.cancela_procedimento_com_justificativa(java.lang.String,java.lang.String)&amp#27;[0m
  &amp#27;[32mEntão &amp#27;[0m&amp#27;[32mo status do procedimento deve ser alterado para &amp#27;[0m&amp#27;[32m&amp#27;[1m"CANCELADO"&amp#27;[0m                                   &amp#27;[90m# com.g4.odontohub.steps.F05PlanoTratamentoSteps.status_procedimento_alterado(java.lang.String)&amp#27;[0m
  &amp#27;[32mE &amp#27;[0m&amp#27;[32ma justificativa &amp#27;[0m&amp#27;[32m&amp#27;[1m"Dente extraído"&amp#27;[0m&amp#27;[32m deve ser registrada&amp#27;[0m                                              &amp#27;[90m# com.g4.odontohub.steps.F05PlanoTratamentoSteps.justificativa_registrada(java.lang.String)&amp#27;[0m
]]></system-out>
  </testcase>
  <testcase name="Concluir plano de tratamento com todos procedimentos finalizados" classname="CucumberRunnerTest" time="0.111">
    <system-out><![CDATA[
Cenário: Concluir plano de tratamento com todos procedimentos finalizados &amp#27;[90m# features/F05_plano_tratamento.feature:36&amp#27;[0m
  &amp#27;[32mDado &amp#27;[0m&amp#27;[32mque o paciente &amp#27;[0m&amp#27;[32m&amp#27;[1m"Carlos Mendes"&amp#27;[0m&amp#27;[32m está cadastrado no sistema&amp#27;[0m          &amp#27;[90m# com.g4.odontohub.steps.SharedSteps.pacienteSetup(java.lang.String)&amp#27;[0m
  &amp#27;[32mE &amp#27;[0m&amp#27;[32mque o paciente &amp#27;[0m&amp#27;[32m&amp#27;[1m"Carlos Mendes"&amp#27;[0m&amp#27;[32m possui anamnese registrada&amp#27;[0m             &amp#27;[90m# com.g4.odontohub.steps.AnamneseSteps.pacienteComAnamneseRegistrada(java.lang.String)&amp#27;[0m
  &amp#27;[32mDado &amp#27;[0m&amp#27;[32mque existe um plano de tratamento com os procedimentos:&amp#27;[0m            &amp#27;[90m# com.g4.odontohub.steps.F05PlanoTratamentoSteps.plano_com_procedimentos(io.cucumber.datatable.DataTable)&amp#27;[0m
    | Procedimento | Status    |
    | Extração     | REALIZADO |
    | Limpeza      | REALIZADO |
  &amp#27;[32mQuando &amp#27;[0m&amp#27;[32mo dentista marca o plano como concluído&amp#27;[0m                          &amp#27;[90m# com.g4.odontohub.steps.F05PlanoTratamentoSteps.tenta_concluir_plano()&amp#27;[0m
  &amp#27;[32mEntão &amp#27;[0m&amp#27;[32mo status do plano deve ser alterado para &amp#27;[0m&amp#27;[32m&amp#27;[1m"CONCLUIDO"&amp#27;[0m              &amp#27;[90m# com.g4.odontohub.steps.F05PlanoTratamentoSteps.status_plano_alterado(java.lang.String)&amp#27;[0m
]]></system-out>
  </testcase>
  <testcase name="Bloquear conclusão de plano com procedimento pendente" classname="CucumberRunnerTest" time="0.051">
    <system-out><![CDATA[
Cenário: Bloquear conclusão de plano com procedimento pendente                 &amp#27;[90m# features/F05_plano_tratamento.feature:44&amp#27;[0m
  &amp#27;[32mDado &amp#27;[0m&amp#27;[32mque o paciente &amp#27;[0m&amp#27;[32m&amp#27;[1m"Carlos Mendes"&amp#27;[0m&amp#27;[32m está cadastrado no sistema&amp#27;[0m               &amp#27;[90m# com.g4.odontohub.steps.SharedSteps.pacienteSetup(java.lang.String)&amp#27;[0m
  &amp#27;[32mE &amp#27;[0m&amp#27;[32mque o paciente &amp#27;[0m&amp#27;[32m&amp#27;[1m"Carlos Mendes"&amp#27;[0m&amp#27;[32m possui anamnese registrada&amp#27;[0m                  &amp#27;[90m# com.g4.odontohub.steps.AnamneseSteps.pacienteComAnamneseRegistrada(java.lang.String)&amp#27;[0m
  &amp#27;[32mDado &amp#27;[0m&amp#27;[32mque existe um plano de tratamento com os procedimentos:&amp#27;[0m                 &amp#27;[90m# com.g4.odontohub.steps.F05PlanoTratamentoSteps.plano_com_procedimentos(io.cucumber.datatable.DataTable)&amp#27;[0m
    | Procedimento | Status    |
    | Extração     | REALIZADO |
    | Limpeza      | PENDENTE  |
  &amp#27;[32mQuando &amp#27;[0m&amp#27;[32mo dentista tenta marcar o plano como concluído&amp#27;[0m                        &amp#27;[90m# com.g4.odontohub.steps.F05PlanoTratamentoSteps.tenta_concluir_plano()&amp#27;[0m
  &amp#27;[32mEntão &amp#27;[0m&amp#27;[32mo sistema deve rejeitar a conclusão&amp#27;[0m                                    &amp#27;[90m# com.g4.odontohub.steps.F05PlanoTratamentoSteps.sistema_rejeita_conclusao()&amp#27;[0m
  &amp#27;[32mE &amp#27;[0m&amp#27;[32mexibir a mensagem &amp#27;[0m&amp#27;[32m&amp#27;[1m"Existem procedimentos pendentes no plano de tratamento"&amp#27;[0m &amp#27;[90m# com.g4.odontohub.steps.SharedSteps.exibirMensagem(java.lang.String)&amp#27;[0m
]]></system-out>
  </testcase>
  <testcase name="Gerar nova versão do plano ao revisar em retorno" classname="CucumberRunnerTest" time="0.036">
    <system-out><![CDATA[
Cenário: Gerar nova versão do plano ao revisar em retorno                        &amp#27;[90m# features/F05_plano_tratamento.feature:53&amp#27;[0m
  &amp#27;[32mDado &amp#27;[0m&amp#27;[32mque o paciente &amp#27;[0m&amp#27;[32m&amp#27;[1m"Carlos Mendes"&amp#27;[0m&amp#27;[32m está cadastrado no sistema&amp#27;[0m                 &amp#27;[90m# com.g4.odontohub.steps.SharedSteps.pacienteSetup(java.lang.String)&amp#27;[0m
  &amp#27;[32mE &amp#27;[0m&amp#27;[32mque o paciente &amp#27;[0m&amp#27;[32m&amp#27;[1m"Carlos Mendes"&amp#27;[0m&amp#27;[32m possui anamnese registrada&amp#27;[0m                    &amp#27;[90m# com.g4.odontohub.steps.AnamneseSteps.pacienteComAnamneseRegistrada(java.lang.String)&amp#27;[0m
  &amp#27;[32mDado &amp#27;[0m&amp#27;[32mque existe um plano de tratamento na versão &amp#27;[0m&amp#27;[32m&amp#27;[1m1&amp#27;[0m&amp#27;[32m para &amp#27;[0m&amp#27;[32m&amp#27;[1m"Carlos Mendes"&amp#27;[0m        &amp#27;[90m# com.g4.odontohub.steps.F05PlanoTratamentoSteps.existe_plano_na_versao(java.lang.Integer,java.lang.String)&amp#27;[0m
  &amp#27;[32mQuando &amp#27;[0m&amp#27;[32mo dentista adiciona o procedimento &amp#27;[0m&amp#27;[32m&amp#27;[1m"Clareamento"&amp#27;[0m&amp#27;[32m ao plano em um retorno&amp#27;[0m &amp#27;[90m# com.g4.odontohub.steps.F05PlanoTratamentoSteps.adiciona_procedimento_retorno(java.lang.String)&amp#27;[0m
  &amp#27;[32mEntão &amp#27;[0m&amp#27;[32mo plano deve ser atualizado para a versão &amp#27;[0m&amp#27;[32m&amp#27;[1m2&amp#27;[0m                              &amp#27;[90m# com.g4.odontohub.steps.F05PlanoTratamentoSteps.plano_atualizado_versao(java.lang.Integer)&amp#27;[0m
  &amp#27;[32mE &amp#27;[0m&amp#27;[32mo histórico deve preservar os dados da versão &amp#27;[0m&amp#27;[32m&amp#27;[1m1&amp#27;[0m                              &amp#27;[90m# com.g4.odontohub.steps.F05PlanoTratamentoSteps.historico_preservado(java.lang.Integer)&amp#27;[0m
]]></system-out>
  </testcase>
  <testcase name="Impedir exclusão de plano com procedimentos realizados" classname="CucumberRunnerTest" time="0.028">
    <system-out><![CDATA[
Cenário: Impedir exclusão de plano com procedimentos realizados                               &amp#27;[90m# features/F05_plano_tratamento.feature:59&amp#27;[0m
  &amp#27;[32mDado &amp#27;[0m&amp#27;[32mque o paciente &amp#27;[0m&amp#27;[32m&amp#27;[1m"Carlos Mendes"&amp#27;[0m&amp#27;[32m está cadastrado no sistema&amp#27;[0m                              &amp#27;[90m# com.g4.odontohub.steps.SharedSteps.pacienteSetup(java.lang.String)&amp#27;[0m
  &amp#27;[32mE &amp#27;[0m&amp#27;[32mque o paciente &amp#27;[0m&amp#27;[32m&amp#27;[1m"Carlos Mendes"&amp#27;[0m&amp#27;[32m possui anamnese registrada&amp#27;[0m                                 &amp#27;[90m# com.g4.odontohub.steps.AnamneseSteps.pacienteComAnamneseRegistrada(java.lang.String)&amp#27;[0m
  &amp#27;[32mDado &amp#27;[0m&amp#27;[32mque existe um plano de tratamento com o procedimento &amp#27;[0m&amp#27;[32m&amp#27;[1m"Extração"&amp#27;[0m&amp#27;[32m com status &amp#27;[0m&amp#27;[32m&amp#27;[1m"REALIZADO"&amp#27;[0m &amp#27;[90m# com.g4.odontohub.steps.F05PlanoTratamentoSteps.plano_com_procedimento_status_exato(java.lang.String,java.lang.String)&amp#27;[0m
  &amp#27;[32mQuando &amp#27;[0m&amp#27;[32mqualquer usuário tenta excluir o plano de tratamento&amp#27;[0m                                 &amp#27;[90m# com.g4.odontohub.steps.F05PlanoTratamentoSteps.tenta_excluir_plano()&amp#27;[0m
  &amp#27;[32mEntão &amp#27;[0m&amp#27;[32mo sistema deve rejeitar a exclusão&amp#27;[0m                                                    &amp#27;[90m# com.g4.odontohub.steps.SharedSteps.sistemaRejeitaExclusao()&amp#27;[0m
  &amp#27;[32mE &amp#27;[0m&amp#27;[32mexibir a mensagem &amp#27;[0m&amp#27;[32m&amp#27;[1m"Planos com procedimentos realizados não podem ser excluídos"&amp#27;[0m           &amp#27;[90m# com.g4.odontohub.steps.SharedSteps.exibirMensagem(java.lang.String)&amp#27;[0m
]]></system-out>
  </testcase>
  <testcase name="Registrar pagamento à vista" classname="CucumberRunnerTest" time="0.039">
    <system-out><![CDATA[
Cenário: Registrar pagamento à vista                                                                    &amp#27;[90m# features/F07_pagamento.feature:11&amp#27;[0m
  &amp#27;[32mDado &amp#27;[0m&amp#27;[32mque o paciente &amp#27;[0m&amp#27;[32m&amp#27;[1m"Roberto Costa"&amp#27;[0m&amp#27;[32m está cadastrado no sistema&amp#27;[0m                                        &amp#27;[90m# com.g4.odontohub.steps.SharedSteps.pacienteSetup(java.lang.String)&amp#27;[0m
  &amp#27;[32mE &amp#27;[0m&amp#27;[32mque existe um orçamento aprovado para &amp#27;[0m&amp#27;[32m&amp#27;[1m"Roberto Costa"&amp#27;[0m&amp#27;[32m no valor de R$ &amp#27;[0m&amp#27;[32m&amp#27;[1m600,00&amp#27;[0m                         &amp#27;[90m# com.g4.odontohub.steps.PagamentoSteps.que_existe_um_orcamento_aprovado_para_no_valor_de_rs(java.lang.String,java.lang.Double)&amp#27;[0m
  &amp#27;[32mQuando &amp#27;[0m&amp#27;[32ma recepcionista registra um pagamento à vista de R$ &amp#27;[0m&amp#27;[32m&amp#27;[1m600,00&amp#27;[0m&amp#27;[32m para o orçamento de &amp#27;[0m&amp#27;[32m&amp#27;[1m"Roberto Costa"&amp#27;[0m &amp#27;[90m# com.g4.odontohub.steps.PagamentoSteps.a_recepcionista_registra_um_pagamento_a_vista_de_rs_para_o_orcamento_de(java.lang.Double,java.lang.String)&amp#27;[0m
  &amp#27;[32mEntão &amp#27;[0m&amp#27;[32mo pagamento deve ser criado com tipo &amp#27;[0m&amp#27;[32m&amp#27;[1m"A_VISTA"&amp#27;[0m                                                  &amp#27;[90m# com.g4.odontohub.steps.PagamentoSteps.o_pagamento_deve_ser_criado_com_tipo(java.lang.String)&amp#27;[0m
  &amp#27;[32mE &amp#27;[0m&amp#27;[32mdeve conter uma única parcela com status &amp#27;[0m&amp#27;[32m&amp#27;[1m"LIQUIDADA"&amp#27;[0m                                                &amp#27;[90m# com.g4.odontohub.steps.PagamentoSteps.deve_conter_uma_unica_parcela_com_status(java.lang.String)&amp#27;[0m
]]></system-out>
  </testcase>
  <testcase name="Registrar pagamento parcelado com valor total correto" classname="CucumberRunnerTest" time="0.037">
    <system-out><![CDATA[
Cenário: Registrar pagamento parcelado com valor total correto                   &amp#27;[90m# features/F07_pagamento.feature:16&amp#27;[0m
  &amp#27;[32mDado &amp#27;[0m&amp#27;[32mque o paciente &amp#27;[0m&amp#27;[32m&amp#27;[1m"Roberto Costa"&amp#27;[0m&amp#27;[32m está cadastrado no sistema&amp#27;[0m                 &amp#27;[90m# com.g4.odontohub.steps.SharedSteps.pacienteSetup(java.lang.String)&amp#27;[0m
  &amp#27;[32mE &amp#27;[0m&amp#27;[32mque existe um orçamento aprovado para &amp#27;[0m&amp#27;[32m&amp#27;[1m"Roberto Costa"&amp#27;[0m&amp#27;[32m no valor de R$ &amp#27;[0m&amp#27;[32m&amp#27;[1m600,00&amp#27;[0m  &amp#27;[90m# com.g4.odontohub.steps.PagamentoSteps.que_existe_um_orcamento_aprovado_para_no_valor_de_rs(java.lang.String,java.lang.Double)&amp#27;[0m
  &amp#27;[32mQuando &amp#27;[0m&amp#27;[32ma recepcionista registra um pagamento parcelado em &amp#27;[0m&amp#27;[32m&amp#27;[1m3&amp#27;[0m&amp#27;[32m vezes de R$ &amp#27;[0m&amp#27;[32m&amp#27;[1m200,00&amp#27;[0m &amp#27;[90m# com.g4.odontohub.steps.PagamentoSteps.a_recepcionista_registra_um_pagamento_parcelado_em_vezes_de_rs(java.lang.Integer,java.lang.Double)&amp#27;[0m
  &amp#27;[32mEntão &amp#27;[0m&amp#27;[32mo pagamento deve ser criado com tipo &amp#27;[0m&amp#27;[32m&amp#27;[1m"PARCELADO"&amp#27;[0m                         &amp#27;[90m# com.g4.odontohub.steps.PagamentoSteps.o_pagamento_deve_ser_criado_com_tipo(java.lang.String)&amp#27;[0m
  &amp#27;[32mE &amp#27;[0m&amp#27;[32mdevem existir &amp#27;[0m&amp#27;[32m&amp#27;[1m3&amp#27;[0m&amp#27;[32m parcelas com status &amp#27;[0m&amp#27;[32m&amp#27;[1m"PENDENTE"&amp#27;[0m&amp#27;[32m e valor R$ &amp#27;[0m&amp#27;[32m&amp#27;[1m200,00&amp#27;[0m&amp#27;[32m cada&amp#27;[0m        &amp#27;[90m# com.g4.odontohub.steps.PagamentoSteps.devem_existir_parcelas_com_status_e_valor_rs_cada(java.lang.Integer,java.lang.String,java.lang.Double)&amp#27;[0m
]]></system-out>
  </testcase>
  <testcase name="Bloquear pagamento com valor total divergente do orçamento" classname="CucumberRunnerTest" time="0.028">
    <system-out><![CDATA[
Cenário: Bloquear pagamento com valor total divergente do orçamento                                 &amp#27;[90m# features/F07_pagamento.feature:21&amp#27;[0m
  &amp#27;[32mDado &amp#27;[0m&amp#27;[32mque o paciente &amp#27;[0m&amp#27;[32m&amp#27;[1m"Roberto Costa"&amp#27;[0m&amp#27;[32m está cadastrado no sistema&amp#27;[0m                                    &amp#27;[90m# com.g4.odontohub.steps.SharedSteps.pacienteSetup(java.lang.String)&amp#27;[0m
  &amp#27;[32mE &amp#27;[0m&amp#27;[32mque existe um orçamento aprovado para &amp#27;[0m&amp#27;[32m&amp#27;[1m"Roberto Costa"&amp#27;[0m&amp#27;[32m no valor de R$ &amp#27;[0m&amp#27;[32m&amp#27;[1m600,00&amp#27;[0m                     &amp#27;[90m# com.g4.odontohub.steps.PagamentoSteps.que_existe_um_orcamento_aprovado_para_no_valor_de_rs(java.lang.String,java.lang.Double)&amp#27;[0m
  &amp#27;[32mQuando &amp#27;[0m&amp#27;[32ma recepcionista tenta registrar um pagamento parcelado em &amp#27;[0m&amp#27;[32m&amp#27;[1m2&amp#27;[0m&amp#27;[32m vezes de R$ &amp#27;[0m&amp#27;[32m&amp#27;[1m250,00&amp#27;[0m             &amp#27;[90m# com.g4.odontohub.steps.PagamentoSteps.a_recepcionista_tenta_registrar_um_pagamento_parcelado_em_vezes_de_rs(java.lang.Integer,java.lang.Double)&amp#27;[0m
  &amp#27;[32mEntão &amp#27;[0m&amp#27;[32mo sistema deve rejeitar o registro&amp#27;[0m                                                          &amp#27;[90m# com.g4.odontohub.steps.SharedSteps.sistemaRejeitaRegistro()&amp#27;[0m
  &amp#27;[32mE &amp#27;[0m&amp#27;[32mexibir a mensagem &amp#27;[0m&amp#27;[32m&amp#27;[1m"O valor total das parcelas deve corresponder ao valor do orçamento aprovado"&amp#27;[0m &amp#27;[90m# com.g4.odontohub.steps.SharedSteps.exibirMensagem(java.lang.String)&amp#27;[0m
]]></system-out>
  </testcase>
  <testcase name="Bloquear pagamento sem vínculo com orçamento aprovado" classname="CucumberRunnerTest" time="0.023">
    <system-out><![CDATA[
Cenário: Bloquear pagamento sem vínculo com orçamento aprovado                      &amp#27;[90m# features/F07_pagamento.feature:26&amp#27;[0m
  &amp#27;[32mDado &amp#27;[0m&amp#27;[32mque o paciente &amp#27;[0m&amp#27;[32m&amp#27;[1m"Roberto Costa"&amp#27;[0m&amp#27;[32m está cadastrado no sistema&amp#27;[0m                    &amp#27;[90m# com.g4.odontohub.steps.SharedSteps.pacienteSetup(java.lang.String)&amp#27;[0m
  &amp#27;[32mE &amp#27;[0m&amp#27;[32mque existe um orçamento aprovado para &amp#27;[0m&amp#27;[32m&amp#27;[1m"Roberto Costa"&amp#27;[0m&amp#27;[32m no valor de R$ &amp#27;[0m&amp#27;[32m&amp#27;[1m600,00&amp#27;[0m     &amp#27;[90m# com.g4.odontohub.steps.PagamentoSteps.que_existe_um_orcamento_aprovado_para_no_valor_de_rs(java.lang.String,java.lang.Double)&amp#27;[0m
  &amp#27;[32mQuando &amp#27;[0m&amp#27;[32ma recepcionista tenta registrar um pagamento sem informar o orçamento&amp#27;[0m      &amp#27;[90m# com.g4.odontohub.steps.PagamentoSteps.a_recepcionista_tenta_registrar_um_pagamento_sem_informar_o_orcamento()&amp#27;[0m
  &amp#27;[32mEntão &amp#27;[0m&amp#27;[32mo sistema deve rejeitar o registro&amp#27;[0m                                          &amp#27;[90m# com.g4.odontohub.steps.SharedSteps.sistemaRejeitaRegistro()&amp#27;[0m
  &amp#27;[32mE &amp#27;[0m&amp#27;[32mexibir a mensagem &amp#27;[0m&amp#27;[32m&amp#27;[1m"Todo pagamento deve estar vinculado a um orçamento aprovado"&amp#27;[0m &amp#27;[90m# com.g4.odontohub.steps.SharedSteps.exibirMensagem(java.lang.String)&amp#27;[0m
]]></system-out>
  </testcase>
  <testcase name="Liquidar parcela futura antecipadamente" classname="CucumberRunnerTest" time="0.047">
    <system-out><![CDATA[
Cenário: Liquidar parcela futura antecipadamente                                                            &amp#27;[90m# features/F07_pagamento.feature:31&amp#27;[0m
  &amp#27;[32mDado &amp#27;[0m&amp#27;[32mque o paciente &amp#27;[0m&amp#27;[32m&amp#27;[1m"Roberto Costa"&amp#27;[0m&amp#27;[32m está cadastrado no sistema&amp#27;[0m                                            &amp#27;[90m# com.g4.odontohub.steps.SharedSteps.pacienteSetup(java.lang.String)&amp#27;[0m
  &amp#27;[32mE &amp#27;[0m&amp#27;[32mque existe um orçamento aprovado para &amp#27;[0m&amp#27;[32m&amp#27;[1m"Roberto Costa"&amp#27;[0m&amp#27;[32m no valor de R$ &amp#27;[0m&amp#27;[32m&amp#27;[1m600,00&amp#27;[0m                             &amp#27;[90m# com.g4.odontohub.steps.PagamentoSteps.que_existe_um_orcamento_aprovado_para_no_valor_de_rs(java.lang.String,java.lang.Double)&amp#27;[0m
  &amp#27;[32mDado &amp#27;[0m&amp#27;[32mque existe um pagamento parcelado com a parcela &amp#27;[0m&amp#27;[32m&amp#27;[1m2&amp#27;[0m&amp#27;[32m com vencimento em &amp#27;[0m&amp#27;[32m&amp#27;[1m"2026-07-10"&amp#27;[0m&amp#27;[32m e status &amp#27;[0m&amp#27;[32m&amp#27;[1m"PENDENTE"&amp#27;[0m &amp#27;[90m# com.g4.odontohub.steps.PagamentoSteps.que_existe_um_pagamento_parcelado_com_a_parcela_com_vencimento_em_e_status(java.lang.Integer,java.lang.String,java.lang.String)&amp#27;[0m
  &amp#27;[32mQuando &amp#27;[0m&amp#27;[32ma recepcionista liquida a parcela &amp#27;[0m&amp#27;[32m&amp#27;[1m2&amp#27;[0m&amp#27;[32m em &amp#27;[0m&amp#27;[32m&amp#27;[1m"2026-05-20"&amp#27;[0m                                                &amp#27;[90m# com.g4.odontohub.steps.PagamentoSteps.a_recepcionista_liquida_a_parcela_em(java.lang.Integer,java.lang.String)&amp#27;[0m
  &amp#27;[32mEntão &amp#27;[0m&amp#27;[32mo status da parcela &amp#27;[0m&amp#27;[32m&amp#27;[1m2&amp#27;[0m&amp#27;[32m deve ser alterado para &amp#27;[0m&amp#27;[32m&amp#27;[1m"LIQUIDADA"&amp#27;[0m                                            &amp#27;[90m# com.g4.odontohub.steps.PagamentoSteps.o_status_da_parcela_deve_ser_alterado_para(java.lang.Integer,java.lang.String)&amp#27;[0m
  &amp#27;[32mE &amp#27;[0m&amp#27;[32ma data de pagamento efetivo deve ser registrada como &amp#27;[0m&amp#27;[32m&amp#27;[1m"2026-05-20"&amp#27;[0m                                       &amp#27;[90m# com.g4.odontohub.steps.PagamentoSteps.a_data_de_pagamento_efetivo_deve_ser_registrada_como(java.lang.String)&amp#27;[0m
  &amp#27;[32mE &amp#27;[0m&amp#27;[32mo status das demais parcelas não deve ser alterado&amp#27;[0m                                                      &amp#27;[90m# com.g4.odontohub.steps.PagamentoSteps.o_status_das_demais_parcelas_nao_deve_ser_alterado()&amp#27;[0m
]]></system-out>
  </testcase>
  <testcase name="Manter status independente por parcela" classname="CucumberRunnerTest" time="0.033">
    <system-out><![CDATA[
Cenário: Manter status independente por parcela                                 &amp#27;[90m# features/F07_pagamento.feature:38&amp#27;[0m
  &amp#27;[32mDado &amp#27;[0m&amp#27;[32mque o paciente &amp#27;[0m&amp#27;[32m&amp#27;[1m"Roberto Costa"&amp#27;[0m&amp#27;[32m está cadastrado no sistema&amp#27;[0m                &amp#27;[90m# com.g4.odontohub.steps.SharedSteps.pacienteSetup(java.lang.String)&amp#27;[0m
  &amp#27;[32mE &amp#27;[0m&amp#27;[32mque existe um orçamento aprovado para &amp#27;[0m&amp#27;[32m&amp#27;[1m"Roberto Costa"&amp#27;[0m&amp#27;[32m no valor de R$ &amp#27;[0m&amp#27;[32m&amp#27;[1m600,00&amp#27;[0m &amp#27;[90m# com.g4.odontohub.steps.PagamentoSteps.que_existe_um_orcamento_aprovado_para_no_valor_de_rs(java.lang.String,java.lang.Double)&amp#27;[0m
  &amp#27;[32mDado &amp#27;[0m&amp#27;[32mque existe um pagamento com &amp#27;[0m&amp#27;[32m&amp#27;[1m3&amp#27;[0m&amp#27;[32m parcelas todas com status &amp#27;[0m&amp#27;[32m&amp#27;[1m"PENDENTE"&amp#27;[0m       &amp#27;[90m# com.g4.odontohub.steps.PagamentoSteps.que_existe_um_pagamento_com_parcelas_todas_com_status(java.lang.Integer,java.lang.String)&amp#27;[0m
  &amp#27;[32mQuando &amp#27;[0m&amp#27;[32ma recepcionista liquida apenas a parcela &amp#27;[0m&amp#27;[32m&amp#27;[1m1&amp#27;[0m                             &amp#27;[90m# com.g4.odontohub.steps.PagamentoSteps.a_recepcionista_liquida_apenas_a_parcela(java.lang.Integer)&amp#27;[0m
  &amp#27;[32mEntão &amp#27;[0m&amp#27;[32ma parcela &amp#27;[0m&amp#27;[32m&amp#27;[1m1&amp#27;[0m&amp#27;[32m deve ter status &amp#27;[0m&amp#27;[32m&amp#27;[1m"LIQUIDADA"&amp#27;[0m                                 &amp#27;[90m# com.g4.odontohub.steps.PagamentoSteps.a_parcela_deve_ter_status(java.lang.Integer,java.lang.String)&amp#27;[0m
  &amp#27;[32mE &amp#27;[0m&amp#27;[32mas parcelas &amp#27;[0m&amp#27;[32m&amp#27;[1m2&amp#27;[0m&amp#27;[32m e &amp#27;[0m&amp#27;[32m&amp#27;[1m3&amp#27;[0m&amp#27;[32m devem permanecer com status &amp#27;[0m&amp#27;[32m&amp#27;[1m"PENDENTE"&amp#27;[0m                    &amp#27;[90m# com.g4.odontohub.steps.PagamentoSteps.as_parcelas_e_devem_permanecer_com_status(java.lang.Integer,java.lang.Integer,java.lang.String)&amp#27;[0m
]]></system-out>
  </testcase>
  <testcase name="Bloquear exclusão de pagamento com parcelas liquidadas" classname="CucumberRunnerTest" time="0.032">
    <system-out><![CDATA[
Cenário: Bloquear exclusão de pagamento com parcelas liquidadas                    &amp#27;[90m# features/F07_pagamento.feature:44&amp#27;[0m
  &amp#27;[32mDado &amp#27;[0m&amp#27;[32mque o paciente &amp#27;[0m&amp#27;[32m&amp#27;[1m"Roberto Costa"&amp#27;[0m&amp#27;[32m está cadastrado no sistema&amp#27;[0m                   &amp#27;[90m# com.g4.odontohub.steps.SharedSteps.pacienteSetup(java.lang.String)&amp#27;[0m
  &amp#27;[32mE &amp#27;[0m&amp#27;[32mque existe um orçamento aprovado para &amp#27;[0m&amp#27;[32m&amp#27;[1m"Roberto Costa"&amp#27;[0m&amp#27;[32m no valor de R$ &amp#27;[0m&amp#27;[32m&amp#27;[1m600,00&amp#27;[0m    &amp#27;[90m# com.g4.odontohub.steps.PagamentoSteps.que_existe_um_orcamento_aprovado_para_no_valor_de_rs(java.lang.String,java.lang.Double)&amp#27;[0m
  &amp#27;[32mDado &amp#27;[0m&amp#27;[32mque existe um pagamento com a parcela &amp#27;[0m&amp#27;[32m&amp#27;[1m1&amp#27;[0m&amp#27;[32m com status &amp#27;[0m&amp#27;[32m&amp#27;[1m"LIQUIDADA"&amp#27;[0m              &amp#27;[90m# com.g4.odontohub.steps.PagamentoSteps.que_existe_um_pagamento_com_a_parcela_com_status(java.lang.Integer,java.lang.String)&amp#27;[0m
  &amp#27;[32mQuando &amp#27;[0m&amp#27;[32mqualquer usuário tenta excluir o pagamento&amp#27;[0m                                &amp#27;[90m# com.g4.odontohub.steps.PagamentoSteps.qualquer_usuario_tenta_excluir_o_pagamento()&amp#27;[0m
  &amp#27;[32mEntão &amp#27;[0m&amp#27;[32mo sistema deve rejeitar a exclusão&amp#27;[0m                                         &amp#27;[90m# com.g4.odontohub.steps.SharedSteps.sistemaRejeitaExclusao()&amp#27;[0m
  &amp#27;[32mE &amp#27;[0m&amp#27;[32mexibir a mensagem &amp#27;[0m&amp#27;[32m&amp#27;[1m"Pagamentos com parcelas liquidadas não podem ser excluídos"&amp#27;[0m &amp#27;[90m# com.g4.odontohub.steps.SharedSteps.exibirMensagem(java.lang.String)&amp#27;[0m
]]></system-out>
  </testcase>
  <testcase name="Calcular comissão automaticamente ao registrar procedimento realizado por especialista" classname="CucumberRunnerTest" time="0.05">
    <system-out><![CDATA[
Cenário: Calcular comissão automaticamente ao registrar procedimento realizado por especialista     &amp#27;[90m# features/F10_comissao_repasse.feature:12&amp#27;[0m
  &amp#27;[32mDado &amp#27;[0m&amp#27;[32mque o especialista &amp#27;[0m&amp#27;[32m&amp#27;[1m"Dr. Marcos"&amp#27;[0m&amp#27;[32m está cadastrado no sistema&amp#27;[0m                                   &amp#27;[90m# com.g4.odontohub.steps.F10ComissaoSteps.especialistaCadastrado(java.lang.String)&amp#27;[0m
  &amp#27;[32mE &amp#27;[0m&amp#27;[32mque a regra de comissão de &amp#27;[0m&amp#27;[32m&amp#27;[1m"Dr. Marcos"&amp#27;[0m&amp#27;[32m para &amp#27;[0m&amp#27;[32m&amp#27;[1m"Implante"&amp#27;[0m&amp#27;[32m é de &amp#27;[0m&amp#27;[32m&amp#27;[1m30&amp#27;[0m&amp#27;[32m% do valor do procedimento&amp#27;[0m       &amp#27;[90m# com.g4.odontohub.steps.F10ComissaoSteps.regraComissaoPercentual(java.lang.String,java.lang.String,int)&amp#27;[0m
  &amp#27;[32mE &amp#27;[0m&amp#27;[32mque existe um plano de tratamento aprovado com o procedimento &amp#27;[0m&amp#27;[32m&amp#27;[1m"Implante"&amp#27;[0m&amp#27;[32m no valor de R$ &amp#27;[0m&amp#27;[32m&amp#27;[1m2000,00&amp#27;[0m &amp#27;[90m# com.g4.odontohub.steps.F10ComissaoSteps.planoTratamentoAprovado(java.lang.String,java.lang.Double)&amp#27;[0m
  &amp#27;[32mQuando &amp#27;[0m&amp#27;[32mo dentista registra o procedimento &amp#27;[0m&amp#27;[32m&amp#27;[1m"Implante"&amp#27;[0m&amp#27;[32m como realizado por &amp#27;[0m&amp#27;[32m&amp#27;[1m"Dr. Marcos"&amp#27;[0m              &amp#27;[90m# com.g4.odontohub.steps.F10ComissaoSteps.registrarProcedimentoPorEspecialista(java.lang.String,java.lang.String)&amp#27;[0m
  &amp#27;[32mEntão &amp#27;[0m&amp#27;[32mo sistema deve calcular automaticamente a comissão de R$ &amp#27;[0m&amp#27;[32m&amp#27;[1m600,00&amp#27;[0m                             &amp#27;[90m# com.g4.odontohub.steps.F10ComissaoSteps.comissaoCalculadaAutomaticamente(java.lang.Double)&amp#27;[0m
  &amp#27;[32mE &amp#27;[0m&amp#27;[32ma comissão deve ter status &amp#27;[0m&amp#27;[32m&amp#27;[1m"PENDENTE"&amp#27;[0m                                                           &amp#27;[90m# com.g4.odontohub.steps.F10ComissaoSteps.comissaoDeveTermStatus(java.lang.String)&amp#27;[0m
  &amp#27;[32mE &amp#27;[0m&amp#27;[32mdeve estar vinculada a &amp#27;[0m&amp#27;[32m&amp#27;[1m"Dr. Marcos"&amp#27;[0m&amp#27;[32m e ao procedimento &amp#27;[0m&amp#27;[32m&amp#27;[1m"Implante"&amp#27;[0m                                &amp#27;[90m# com.g4.odontohub.steps.F10ComissaoSteps.comissaoVinculada(java.lang.String,java.lang.String)&amp#27;[0m
]]></system-out>
  </testcase>
  <testcase name="Calcular comissão por valor fixo" classname="CucumberRunnerTest" time="0.019">
    <system-out><![CDATA[
Cenário: Calcular comissão por valor fixo                                                           &amp#27;[90m# features/F10_comissao_repasse.feature:18&amp#27;[0m
  &amp#27;[32mDado &amp#27;[0m&amp#27;[32mque o especialista &amp#27;[0m&amp#27;[32m&amp#27;[1m"Dr. Marcos"&amp#27;[0m&amp#27;[32m está cadastrado no sistema&amp#27;[0m                                   &amp#27;[90m# com.g4.odontohub.steps.F10ComissaoSteps.especialistaCadastrado(java.lang.String)&amp#27;[0m
  &amp#27;[32mE &amp#27;[0m&amp#27;[32mque a regra de comissão de &amp#27;[0m&amp#27;[32m&amp#27;[1m"Dr. Marcos"&amp#27;[0m&amp#27;[32m para &amp#27;[0m&amp#27;[32m&amp#27;[1m"Implante"&amp#27;[0m&amp#27;[32m é de &amp#27;[0m&amp#27;[32m&amp#27;[1m30&amp#27;[0m&amp#27;[32m% do valor do procedimento&amp#27;[0m       &amp#27;[90m# com.g4.odontohub.steps.F10ComissaoSteps.regraComissaoPercentual(java.lang.String,java.lang.String,int)&amp#27;[0m
  &amp#27;[32mE &amp#27;[0m&amp#27;[32mque existe um plano de tratamento aprovado com o procedimento &amp#27;[0m&amp#27;[32m&amp#27;[1m"Implante"&amp#27;[0m&amp#27;[32m no valor de R$ &amp#27;[0m&amp#27;[32m&amp#27;[1m2000,00&amp#27;[0m &amp#27;[90m# com.g4.odontohub.steps.F10ComissaoSteps.planoTratamentoAprovado(java.lang.String,java.lang.Double)&amp#27;[0m
  &amp#27;[32mDado &amp#27;[0m&amp#27;[32mque a regra de comissão de &amp#27;[0m&amp#27;[32m&amp#27;[1m"Dr. Marcos"&amp#27;[0m&amp#27;[32m para &amp#27;[0m&amp#27;[32m&amp#27;[1m"Extração"&amp#27;[0m&amp#27;[32m é de valor fixo R$ &amp#27;[0m&amp#27;[32m&amp#27;[1m100,00&amp#27;[0m            &amp#27;[90m# com.g4.odontohub.steps.F10ComissaoSteps.regraComissaoValorFixo(java.lang.String,java.lang.String,java.lang.Double)&amp#27;[0m
  &amp#27;[32mQuando &amp#27;[0m&amp#27;[32mo dentista registra o procedimento &amp#27;[0m&amp#27;[32m&amp#27;[1m"Extração"&amp#27;[0m&amp#27;[32m como realizado por &amp#27;[0m&amp#27;[32m&amp#27;[1m"Dr. Marcos"&amp#27;[0m              &amp#27;[90m# com.g4.odontohub.steps.F10ComissaoSteps.registrarProcedimentoPorEspecialista(java.lang.String,java.lang.String)&amp#27;[0m
  &amp#27;[32mEntão &amp#27;[0m&amp#27;[32mo sistema deve calcular a comissão como R$ &amp#27;[0m&amp#27;[32m&amp#27;[1m100,00&amp#27;[0m&amp#27;[32m independente do valor do procedimento&amp#27;[0m     &amp#27;[90m# com.g4.odontohub.steps.F10ComissaoSteps.comissaoValorFixoCalculada(java.lang.Double)&amp#27;[0m
]]></system-out>
  </testcase>
  <testcase name="Bloquear repasse antes do pagamento do paciente" classname="CucumberRunnerTest" time="0.031">
    <system-out><![CDATA[
Cenário: Bloquear repasse antes do pagamento do paciente                                            &amp#27;[90m# features/F10_comissao_repasse.feature:23&amp#27;[0m
  &amp#27;[32mDado &amp#27;[0m&amp#27;[32mque o especialista &amp#27;[0m&amp#27;[32m&amp#27;[1m"Dr. Marcos"&amp#27;[0m&amp#27;[32m está cadastrado no sistema&amp#27;[0m                                   &amp#27;[90m# com.g4.odontohub.steps.F10ComissaoSteps.especialistaCadastrado(java.lang.String)&amp#27;[0m
  &amp#27;[32mE &amp#27;[0m&amp#27;[32mque a regra de comissão de &amp#27;[0m&amp#27;[32m&amp#27;[1m"Dr. Marcos"&amp#27;[0m&amp#27;[32m para &amp#27;[0m&amp#27;[32m&amp#27;[1m"Implante"&amp#27;[0m&amp#27;[32m é de &amp#27;[0m&amp#27;[32m&amp#27;[1m30&amp#27;[0m&amp#27;[32m% do valor do procedimento&amp#27;[0m       &amp#27;[90m# com.g4.odontohub.steps.F10ComissaoSteps.regraComissaoPercentual(java.lang.String,java.lang.String,int)&amp#27;[0m
  &amp#27;[32mE &amp#27;[0m&amp#27;[32mque existe um plano de tratamento aprovado com o procedimento &amp#27;[0m&amp#27;[32m&amp#27;[1m"Implante"&amp#27;[0m&amp#27;[32m no valor de R$ &amp#27;[0m&amp#27;[32m&amp#27;[1m2000,00&amp#27;[0m &amp#27;[90m# com.g4.odontohub.steps.F10ComissaoSteps.planoTratamentoAprovado(java.lang.String,java.lang.Double)&amp#27;[0m
  &amp#27;[32mDado &amp#27;[0m&amp#27;[32mque a comissão de &amp#27;[0m&amp#27;[32m&amp#27;[1m"Dr. Marcos"&amp#27;[0m&amp#27;[32m pelo procedimento &amp#27;[0m&amp#27;[32m&amp#27;[1m"Implante"&amp#27;[0m&amp#27;[32m tem status &amp#27;[0m&amp#27;[32m&amp#27;[1m"PENDENTE"&amp#27;[0m            &amp#27;[90m# com.g4.odontohub.steps.F10ComissaoSteps.comissaoPorProcedimentoTemStatus(java.lang.String,java.lang.String,java.lang.String)&amp#27;[0m
  &amp#27;[32mE &amp#27;[0m&amp#27;[32mque o paciente ainda não liquidou o pagamento correspondente&amp#27;[0m                                    &amp#27;[90m# com.g4.odontohub.steps.F10ComissaoSteps.pacienteNaoLiquidou()&amp#27;[0m
  &amp#27;[32mQuando &amp#27;[0m&amp#27;[32ma recepcionista tenta registrar o repasse para &amp#27;[0m&amp#27;[32m&amp#27;[1m"Dr. Marcos"&amp#27;[0m                                &amp#27;[90m# com.g4.odontohub.steps.F10ComissaoSteps.tentaRegistrarRepasse(java.lang.String)&amp#27;[0m
  &amp#27;[32mEntão &amp#27;[0m&amp#27;[32mo sistema deve bloquear o registro&amp#27;[0m                                                          &amp#27;[90m# com.g4.odontohub.steps.F10ComissaoSteps.sistemaBloqueiaRegistro()&amp#27;[0m
  &amp#27;[32mE &amp#27;[0m&amp#27;[32mexibir a mensagem &amp#27;[0m&amp#27;[32m&amp#27;[1m"O repasse só pode ser registrado após o pagamento do paciente"&amp#27;[0m               &amp#27;[90m# com.g4.odontohub.steps.SharedSteps.exibirMensagem(java.lang.String)&amp#27;[0m
]]></system-out>
  </testcase>
  <testcase name="Liberar repasse após confirmação do pagamento do paciente" classname="CucumberRunnerTest" time="0.021">
    <system-out><![CDATA[
Cenário: Liberar repasse após confirmação do pagamento do paciente                                  &amp#27;[90m# features/F10_comissao_repasse.feature:30&amp#27;[0m
  &amp#27;[32mDado &amp#27;[0m&amp#27;[32mque o especialista &amp#27;[0m&amp#27;[32m&amp#27;[1m"Dr. Marcos"&amp#27;[0m&amp#27;[32m está cadastrado no sistema&amp#27;[0m                                   &amp#27;[90m# com.g4.odontohub.steps.F10ComissaoSteps.especialistaCadastrado(java.lang.String)&amp#27;[0m
  &amp#27;[32mE &amp#27;[0m&amp#27;[32mque a regra de comissão de &amp#27;[0m&amp#27;[32m&amp#27;[1m"Dr. Marcos"&amp#27;[0m&amp#27;[32m para &amp#27;[0m&amp#27;[32m&amp#27;[1m"Implante"&amp#27;[0m&amp#27;[32m é de &amp#27;[0m&amp#27;[32m&amp#27;[1m30&amp#27;[0m&amp#27;[32m% do valor do procedimento&amp#27;[0m       &amp#27;[90m# com.g4.odontohub.steps.F10ComissaoSteps.regraComissaoPercentual(java.lang.String,java.lang.String,int)&amp#27;[0m
  &amp#27;[32mE &amp#27;[0m&amp#27;[32mque existe um plano de tratamento aprovado com o procedimento &amp#27;[0m&amp#27;[32m&amp#27;[1m"Implante"&amp#27;[0m&amp#27;[32m no valor de R$ &amp#27;[0m&amp#27;[32m&amp#27;[1m2000,00&amp#27;[0m &amp#27;[90m# com.g4.odontohub.steps.F10ComissaoSteps.planoTratamentoAprovado(java.lang.String,java.lang.Double)&amp#27;[0m
  &amp#27;[32mDado &amp#27;[0m&amp#27;[32mque a comissão de &amp#27;[0m&amp#27;[32m&amp#27;[1m"Dr. Marcos"&amp#27;[0m&amp#27;[32m tem status &amp#27;[0m&amp#27;[32m&amp#27;[1m"PENDENTE"&amp#27;[0m                                         &amp#27;[90m# com.g4.odontohub.steps.F10ComissaoSteps.comissaoEspecialistaTemStatus(java.lang.String,java.lang.String)&amp#27;[0m
  &amp#27;[32mQuando &amp#27;[0m&amp#27;[32mo paciente liquida o pagamento referente ao procedimento &amp#27;[0m&amp#27;[32m&amp#27;[1m"Implante"&amp#27;[0m                        &amp#27;[90m# com.g4.odontohub.steps.F10ComissaoSteps.pacienteLiquidaPagamento(java.lang.String)&amp#27;[0m
[...]
Esquema do Cenário: Validar prazo de validade por método de esterilização                 &amp#27;[90m# features/F13_esterilizacao.feature:50&amp#27;[0m
  &amp#27;[32mDado &amp#27;[0m&amp#27;[32mque o instrumento &amp#27;[0m&amp#27;[32m&amp#27;[1m"Sonda Exploradora"&amp#27;[0m&amp#27;[32m está cadastrado no sistema&amp#27;[0m                   &amp#27;[90m# com.g4.odontohub.steps.F13EsterilizacaoSteps.instrumento_cadastrado(java.lang.String)&amp#27;[0m
  &amp#27;[32mDado &amp#27;[0m&amp#27;[32mque o instrumento &amp#27;[0m&amp#27;[32m&amp#27;[1m"Sonda"&amp#27;[0m&amp#27;[32m foi esterilizado pelo método &amp#27;[0m&amp#27;[32m&amp#27;[1m"AUTOCLAVE"&amp#27;[0m&amp#27;[32m em &amp#27;[0m&amp#27;[32m&amp#27;[1m"2026-05-01"&amp#27;[0m &amp#27;[90m# com.g4.odontohub.steps.F13EsterilizacaoSteps.instrumento_esterilizado(java.lang.String,java.lang.String,java.lang.String)&amp#27;[0m
  &amp#27;[32mEntão &amp#27;[0m&amp#27;[32ma validade da esterilização deve ser &amp#27;[0m&amp#27;[32m&amp#27;[1m"2026-11-01"&amp#27;[0m                                 &amp#27;[90m# com.g4.odontohub.steps.F13EsterilizacaoSteps.validade_deve_ser(java.lang.String)&amp#27;[0m
]]></system-out>
  </testcase>
  <testcase name="Example #1.2" classname="CucumberRunnerTest" time="0.022">
    <system-out><![CDATA[
Esquema do Cenário: Validar prazo de validade por método de esterilização               &amp#27;[90m# features/F13_esterilizacao.feature:51&amp#27;[0m
  &amp#27;[32mDado &amp#27;[0m&amp#27;[32mque o instrumento &amp#27;[0m&amp#27;[32m&amp#27;[1m"Sonda Exploradora"&amp#27;[0m&amp#27;[32m está cadastrado no sistema&amp#27;[0m                 &amp#27;[90m# com.g4.odontohub.steps.F13EsterilizacaoSteps.instrumento_cadastrado(java.lang.String)&amp#27;[0m
  &amp#27;[32mDado &amp#27;[0m&amp#27;[32mque o instrumento &amp#27;[0m&amp#27;[32m&amp#27;[1m"Cureta"&amp#27;[0m&amp#27;[32m foi esterilizado pelo método &amp#27;[0m&amp#27;[32m&amp#27;[1m"ESTUFA"&amp#27;[0m&amp#27;[32m em &amp#27;[0m&amp#27;[32m&amp#27;[1m"2026-05-01"&amp#27;[0m &amp#27;[90m# com.g4.odontohub.steps.F13EsterilizacaoSteps.instrumento_esterilizado(java.lang.String,java.lang.String,java.lang.String)&amp#27;[0m
  &amp#27;[32mEntão &amp#27;[0m&amp#27;[32ma validade da esterilização deve ser &amp#27;[0m&amp#27;[32m&amp#27;[1m"2026-08-01"&amp#27;[0m                               &amp#27;[90m# com.g4.odontohub.steps.F13EsterilizacaoSteps.validade_deve_ser(java.lang.String)&amp#27;[0m
]]></system-out>
  </testcase>
  <testcase name="Example #1.3" classname="CucumberRunnerTest" time="0.02">
    <system-out><![CDATA[
Esquema do Cenário: Validar prazo de validade por método de esterilização                       &amp#27;[90m# features/F13_esterilizacao.feature:52&amp#27;[0m
  &amp#27;[32mDado &amp#27;[0m&amp#27;[32mque o instrumento &amp#27;[0m&amp#27;[32m&amp#27;[1m"Sonda Exploradora"&amp#27;[0m&amp#27;[32m está cadastrado no sistema&amp#27;[0m                         &amp#27;[90m# com.g4.odontohub.steps.F13EsterilizacaoSteps.instrumento_cadastrado(java.lang.String)&amp#27;[0m
  &amp#27;[32mDado &amp#27;[0m&amp#27;[32mque o instrumento &amp#27;[0m&amp#27;[32m&amp#27;[1m"Alicate"&amp#27;[0m&amp#27;[32m foi esterilizado pelo método &amp#27;[0m&amp#27;[32m&amp#27;[1m"GLUTARALDEIDO"&amp#27;[0m&amp#27;[32m em &amp#27;[0m&amp#27;[32m&amp#27;[1m"2026-05-01"&amp#27;[0m &amp#27;[90m# com.g4.odontohub.steps.F13EsterilizacaoSteps.instrumento_esterilizado(java.lang.String,java.lang.String,java.lang.String)&amp#27;[0m
  &amp#27;[32mEntão &amp#27;[0m&amp#27;[32ma validade da esterilização deve ser &amp#27;[0m&amp#27;[32m&amp#27;[1m"2026-05-15"&amp#27;[0m                                       &amp#27;[90m# com.g4.odontohub.steps.F13EsterilizacaoSteps.validade_deve_ser(java.lang.String)&amp#27;[0m
]]></system-out>
  </testcase>
  <testcase name="Tornar equipamento indisponível ao iniciar manutenção" classname="CucumberRunnerTest" time="0.042">
    <system-out><![CDATA[
Cenário: Tornar equipamento indisponível ao iniciar manutenção                              &amp#27;[90m# features/F14_manutencao.feature:11&amp#27;[0m
  &amp#27;[32mDado &amp#27;[0m&amp#27;[32mque o equipamento &amp#27;[0m&amp#27;[32m&amp#27;[1m"Cadeira Odontológica"&amp#27;[0m&amp#27;[32m está cadastrado com status &amp#27;[0m&amp#27;[32m&amp#27;[1m"DISPONIVEL"&amp#27;[0m     &amp#27;[90m# com.g4.odontohub.steps.F14ManutencaoSteps.equipamentoCadastradoComStatus(java.lang.String,java.lang.String)&amp#27;[0m
  &amp#27;[32mE &amp#27;[0m&amp#27;[32mcom periodicidade de manutenção de &amp#27;[0m&amp#27;[32m&amp#27;[1m180&amp#27;[0m&amp#27;[32m dias&amp#27;[0m                                             &amp#27;[90m# com.g4.odontohub.steps.F14ManutencaoSteps.comPeriodicidade(int)&amp#27;[0m
  &amp#27;[32mQuando &amp#27;[0m&amp#27;[32mo dentista registra o início de uma manutenção corretiva na &amp#27;[0m&amp#27;[32m&amp#27;[1m"Cadeira Odontológica"&amp#27;[0m &amp#27;[90m# com.g4.odontohub.steps.F14ManutencaoSteps.iniciarManutencaoCorretiva(java.lang.String)&amp#27;[0m
  &amp#27;[32mEntão &amp#27;[0m&amp#27;[32mo equipamento &amp#27;[0m&amp#27;[32m&amp#27;[1m"Cadeira Odontológica"&amp#27;[0m&amp#27;[32m deve ter status &amp#27;[0m&amp#27;[32m&amp#27;[1m"EM_MANUTENCAO"&amp#27;[0m                &amp#27;[90m# com.g4.odontohub.steps.F14ManutencaoSteps.equipamentoDeveTermStatus(java.lang.String,java.lang.String)&amp#27;[0m
  &amp#27;[32mE &amp#27;[0m&amp#27;[32mo equipamento não deve poder ser associado a novos procedimentos&amp#27;[0m                        &amp#27;[90m# com.g4.odontohub.steps.F14ManutencaoSteps.equipamentoNaoDevePoderSerAssociado()&amp#27;[0m
]]></system-out>
  </testcase>
  <testcase name="Bloquear uso de equipamento em manutenção em procedimento" classname="CucumberRunnerTest" time="0.028">
    <system-out><![CDATA[
Cenário: Bloquear uso de equipamento em manutenção em procedimento                        &amp#27;[90m# features/F14_manutencao.feature:16&amp#27;[0m
  &amp#27;[32mDado &amp#27;[0m&amp#27;[32mque o equipamento &amp#27;[0m&amp#27;[32m&amp#27;[1m"Cadeira Odontológica"&amp#27;[0m&amp#27;[32m está cadastrado com status &amp#27;[0m&amp#27;[32m&amp#27;[1m"DISPONIVEL"&amp#27;[0m   &amp#27;[90m# com.g4.odontohub.steps.F14ManutencaoSteps.equipamentoCadastradoComStatus(java.lang.String,java.lang.String)&amp#27;[0m
  &amp#27;[32mE &amp#27;[0m&amp#27;[32mcom periodicidade de manutenção de &amp#27;[0m&amp#27;[32m&amp#27;[1m180&amp#27;[0m&amp#27;[32m dias&amp#27;[0m                                           &amp#27;[90m# com.g4.odontohub.steps.F14ManutencaoSteps.comPeriodicidade(int)&amp#27;[0m
  &amp#27;[32mDado &amp#27;[0m&amp#27;[32mque a &amp#27;[0m&amp#27;[32m&amp#27;[1m"Cadeira Odontológica"&amp#27;[0m&amp#27;[32m tem status &amp#27;[0m&amp#27;[32m&amp#27;[1m"EM_MANUTENCAO"&amp#27;[0m                            &amp#27;[90m# com.g4.odontohub.steps.F14ManutencaoSteps.equipamentoTemStatus(java.lang.String,java.lang.String)&amp#27;[0m
  &amp#27;[32mQuando &amp#27;[0m&amp#27;[32mo dentista tenta vincular o equipamento &amp#27;[0m&amp#27;[32m&amp#27;[1m"Cadeira Odontológica"&amp#27;[0m&amp#27;[32m a um procedimento&amp#27;[0m &amp#27;[90m# com.g4.odontohub.steps.F14ManutencaoSteps.tentaVincularEquipamento(java.lang.String)&amp#27;[0m
  &amp#27;[32mEntão &amp#27;[0m&amp#27;[32mo sistema deve bloquear a seleção do equipamento&amp#27;[0m                                  &amp#27;[90m# com.g4.odontohub.steps.F14ManutencaoSteps.bloquearSelecaoEquipamento()&amp#27;[0m
  &amp#27;[32mE &amp#27;[0m&amp#27;[32mexibir a mensagem &amp#27;[0m&amp#27;[32m&amp#27;[1m"Equipamento indisponível: em manutenção"&amp#27;[0m                           &amp#27;[90m# com.g4.odontohub.steps.SharedSteps.exibirMensagem(java.lang.String)&amp#27;[0m
]]></system-out>
  </testcase>
  <testcase name="Restaurar disponibilidade do equipamento ao concluir manutenção" classname="CucumberRunnerTest" time="0.021">
    <system-out><![CDATA[
Cenário: Restaurar disponibilidade do equipamento ao concluir manutenção                &amp#27;[90m# features/F14_manutencao.feature:22&amp#27;[0m
  &amp#27;[32mDado &amp#27;[0m&amp#27;[32mque o equipamento &amp#27;[0m&amp#27;[32m&amp#27;[1m"Cadeira Odontológica"&amp#27;[0m&amp#27;[32m está cadastrado com status &amp#27;[0m&amp#27;[32m&amp#27;[1m"DISPONIVEL"&amp#27;[0m &amp#27;[90m# com.g4.odontohub.steps.F14ManutencaoSteps.equipamentoCadastradoComStatus(java.lang.String,java.lang.String)&amp#27;[0m
  &amp#27;[32mE &amp#27;[0m&amp#27;[32mcom periodicidade de manutenção de &amp#27;[0m&amp#27;[32m&amp#27;[1m180&amp#27;[0m&amp#27;[32m dias&amp#27;[0m                                         &amp#27;[90m# com.g4.odontohub.steps.F14ManutencaoSteps.comPeriodicidade(int)&amp#27;[0m
  &amp#27;[32mDado &amp#27;[0m&amp#27;[32mque a &amp#27;[0m&amp#27;[32m&amp#27;[1m"Cadeira Odontológica"&amp#27;[0m&amp#27;[32m tem status &amp#27;[0m&amp#27;[32m&amp#27;[1m"EM_MANUTENCAO"&amp#27;[0m                          &amp#27;[90m# com.g4.odontohub.steps.F14ManutencaoSteps.equipamentoTemStatus(java.lang.String,java.lang.String)&amp#27;[0m
  &amp#27;[32mQuando &amp#27;[0m&amp#27;[32mo dentista registra a conclusão da manutenção em &amp#27;[0m&amp#27;[32m&amp#27;[1m"2026-05-10"&amp#27;[0m                  &amp#27;[90m# com.g4.odontohub.steps.F14ManutencaoSteps.concluirManutencao(java.lang.String)&amp#27;[0m
  &amp#27;[32mEntão &amp#27;[0m&amp#27;[32mo equipamento &amp#27;[0m&amp#27;[32m&amp#27;[1m"Cadeira Odontológica"&amp#27;[0m&amp#27;[32m deve ter status &amp#27;[0m&amp#27;[32m&amp#27;[1m"DISPONIVEL"&amp#27;[0m               &amp#27;[90m# com.g4.odontohub.steps.F14ManutencaoSteps.equipamentoDeveTermStatus(java.lang.String,java.lang.String)&amp#27;[0m
  &amp#27;[32mE &amp#27;[0m&amp#27;[32ma data da próxima manutenção deve ser recalculada para &amp#27;[0m&amp#27;[32m&amp#27;[1m"2026-11-06"&amp#27;[0m                 &amp#27;[90m# com.g4.odontohub.steps.F14ManutencaoSteps.proximaManutencaoRecalculada(java.lang.String)&amp#27;[0m
]]></system-out>
  </testcase>
  <testcase name="Emitir alerta preventivo próximo ao vencimento da manutenção" classname="CucumberRunnerTest" time="0.03">
    <system-out><![CDATA[
Cenário: Emitir alerta preventivo próximo ao vencimento da manutenção                        &amp#27;[90m# features/F14_manutencao.feature:28&amp#27;[0m
  &amp#27;[32mDado &amp#27;[0m&amp#27;[32mque o equipamento &amp#27;[0m&amp#27;[32m&amp#27;[1m"Cadeira Odontológica"&amp#27;[0m&amp#27;[32m está cadastrado com status &amp#27;[0m&amp#27;[32m&amp#27;[1m"DISPONIVEL"&amp#27;[0m      &amp#27;[90m# com.g4.odontohub.steps.F14ManutencaoSteps.equipamentoCadastradoComStatus(java.lang.String,java.lang.String)&amp#27;[0m
  &amp#27;[32mE &amp#27;[0m&amp#27;[32mcom periodicidade de manutenção de &amp#27;[0m&amp#27;[32m&amp#27;[1m180&amp#27;[0m&amp#27;[32m dias&amp#27;[0m                                              &amp#27;[90m# com.g4.odontohub.steps.F14ManutencaoSteps.comPeriodicidade(int)&amp#27;[0m
  &amp#27;[32mDado &amp#27;[0m&amp#27;[32mque a próxima manutenção da &amp#27;[0m&amp#27;[32m&amp#27;[1m"Cadeira Odontológica"&amp#27;[0m&amp#27;[32m está agendada para &amp#27;[0m&amp#27;[32m&amp#27;[1m"2026-06-01"&amp#27;[0m    &amp#27;[90m# com.g4.odontohub.steps.F14ManutencaoSteps.proximaManutencaoAgendada(java.lang.String,java.lang.String)&amp#27;[0m
  &amp#27;[32mQuando &amp#27;[0m&amp#27;[32mo sistema verifica os equipamentos na data &amp#27;[0m&amp#27;[32m&amp#27;[1m"2026-05-25"&amp#27;[0m                             &amp#27;[90m# com.g4.odontohub.steps.F14ManutencaoSteps.sistemaVerificaEquipamentos(java.lang.String)&amp#27;[0m
  &amp#27;[32mEntão &amp#27;[0m&amp#27;[32mo sistema deve emitir um alerta ao dentista informando que a manutenção está próxima&amp#27;[0m &amp#27;[90m# com.g4.odontohub.steps.F14ManutencaoSteps.deveEmitirAlerta()&amp#27;[0m
  &amp#27;[32mE &amp#27;[0m&amp#27;[32mo alerta deve indicar &amp#27;[0m&amp#27;[32m&amp#27;[1m7&amp#27;[0m&amp#27;[32m dias restantes&amp#27;[0m                                                   &amp#27;[90m# com.g4.odontohub.steps.F14ManutencaoSteps.alertaDeveIndicarDias(int)&amp#27;[0m
]]></system-out>
  </testcase>
  <testcase name="Não emitir alerta quando manutenção está longe do vencimento" classname="CucumberRunnerTest" time="0.023">
    <system-out><![CDATA[
Cenário: Não emitir alerta quando manutenção está longe do vencimento                     &amp#27;[90m# features/F14_manutencao.feature:34&amp#27;[0m
  &amp#27;[32mDado &amp#27;[0m&amp#27;[32mque o equipamento &amp#27;[0m&amp#27;[32m&amp#27;[1m"Cadeira Odontológica"&amp#27;[0m&amp#27;[32m está cadastrado com status &amp#27;[0m&amp#27;[32m&amp#27;[1m"DISPONIVEL"&amp#27;[0m   &amp#27;[90m# com.g4.odontohub.steps.F14ManutencaoSteps.equipamentoCadastradoComStatus(java.lang.String,java.lang.String)&amp#27;[0m
  &amp#27;[32mE &amp#27;[0m&amp#27;[32mcom periodicidade de manutenção de &amp#27;[0m&amp#27;[32m&amp#27;[1m180&amp#27;[0m&amp#27;[32m dias&amp#27;[0m                                           &amp#27;[90m# com.g4.odontohub.steps.F14ManutencaoSteps.comPeriodicidade(int)&amp#27;[0m
  &amp#27;[32mDado &amp#27;[0m&amp#27;[32mque a próxima manutenção da &amp#27;[0m&amp#27;[32m&amp#27;[1m"Cadeira Odontológica"&amp#27;[0m&amp#27;[32m está agendada para &amp#27;[0m&amp#27;[32m&amp#27;[1m"2026-12-01"&amp#27;[0m &amp#27;[90m# com.g4.odontohub.steps.F14ManutencaoSteps.proximaManutencaoAgendada(java.lang.String,java.lang.String)&amp#27;[0m
  &amp#27;[32mQuando &amp#27;[0m&amp#27;[32mo sistema verifica os equipamentos na data &amp#27;[0m&amp#27;[32m&amp#27;[1m"2026-05-25"&amp#27;[0m                          &amp#27;[90m# com.g4.odontohub.steps.F14ManutencaoSteps.sistemaVerificaEquipamentos(java.lang.String)&amp#27;[0m
  &amp#27;[32mEntão &amp#27;[0m&amp#27;[32mnenhum alerta deve ser emitido para a &amp#27;[0m&amp#27;[32m&amp#27;[1m"Cadeira Odontológica"&amp#27;[0m                      &amp#27;[90m# com.g4.odontohub.steps.F14ManutencaoSteps.nenhumAlertaEmitido(java.lang.String)&amp#27;[0m
]]></system-out>
  </testcase>
  <testcase name="Registrar manutenção com todos os dados obrigatórios" classname="CucumberRunnerTest" time="0.04">
    <system-out><![CDATA[
Cenário: Registrar manutenção com todos os dados obrigatórios                                      &amp#27;[90m# features/F14_manutencao.feature:39&amp#27;[0m
  &amp#27;[32mDado &amp#27;[0m&amp#27;[32mque o equipamento &amp#27;[0m&amp#27;[32m&amp#27;[1m"Cadeira Odontológica"&amp#27;[0m&amp#27;[32m está cadastrado com status &amp#27;[0m&amp#27;[32m&amp#27;[1m"DISPONIVEL"&amp#27;[0m            &amp#27;[90m# com.g4.odontohub.steps.F14ManutencaoSteps.equipamentoCadastradoComStatus(java.lang.String,java.lang.String)&amp#27;[0m
  &amp#27;[32mE &amp#27;[0m&amp#27;[32mcom periodicidade de manutenção de &amp#27;[0m&amp#27;[32m&amp#27;[1m180&amp#27;[0m&amp#27;[32m dias&amp#27;[0m                                                    &amp#27;[90m# com.g4.odontohub.steps.F14ManutencaoSteps.comPeriodicidade(int)&amp#27;[0m
  &amp#27;[32mQuando &amp#27;[0m&amp#27;[32mo dentista registra uma manutenção preventiva na &amp#27;[0m&amp#27;[32m&amp#27;[1m"Cadeira Odontológica"&amp#27;[0m&amp#27;[32m com:&amp#27;[0m              &amp#27;[90m# com.g4.odontohub.steps.F14ManutencaoSteps.registrarManutencaoComDados(java.lang.String,io.cucumber.datatable.DataTable)&amp#27;[0m
    | Campo               | Valor                        |
    | Tipo                | PREVENTIVA                   |
    | Data de Início      | 2026-05-10                   |
    | Responsável Técnico | TechDental Serviços          |
    | Descrição           | Revisão geral e lubrificação |
    | Custo               | R$ 350,00                    |
  &amp#27;[32mEntão &amp#27;[0m&amp#27;[32ma manutenção deve ser salva e vinculada ao histórico patrimonial da &amp#27;[0m&amp#27;[32m&amp#27;[1m"Cadeira Odontológica"&amp#27;[0m &amp#27;[90m# com.g4.odontohub.steps.F14ManutencaoSteps.manutencaoSalvaNoHistorico(java.lang.String)&amp#27;[0m
]]></system-out>
  </testcase>
  <testcase name="Bloquear registro de manutenção sem responsável técnico" classname="CucumberRunnerTest" time="0.025">
    <system-out><![CDATA[
Cenário: Bloquear registro de manutenção sem responsável técnico                        &amp#27;[90m# features/F14_manutencao.feature:49&amp#27;[0m
  &amp#27;[32mDado &amp#27;[0m&amp#27;[32mque o equipamento &amp#27;[0m&amp#27;[32m&amp#27;[1m"Cadeira Odontológica"&amp#27;[0m&amp#27;[32m está cadastrado com status &amp#27;[0m&amp#27;[32m&amp#27;[1m"DISPONIVEL"&amp#27;[0m &amp#27;[90m# com.g4.odontohub.steps.F14ManutencaoSteps.equipamentoCadastradoComStatus(java.lang.String,java.lang.String)&amp#27;[0m
  &amp#27;[32mE &amp#27;[0m&amp#27;[32mcom periodicidade de manutenção de &amp#27;[0m&amp#27;[32m&amp#27;[1m180&amp#27;[0m&amp#27;[32m dias&amp#27;[0m                                         &amp#27;[90m# com.g4.odontohub.steps.F14ManutencaoSteps.comPeriodicidade(int)&amp#27;[0m
  &amp#27;[32mQuando &amp#27;[0m&amp#27;[32mo dentista tenta registrar uma manutenção sem informar o responsável técnico&amp#27;[0m   &amp#27;[90m# com.g4.odontohub.steps.F14ManutencaoSteps.tentaRegistrarSemResponsavel()&amp#27;[0m
  &amp#27;[32mEntão &amp#27;[0m&amp#27;[32mo sistema deve rejeitar o registro&amp#27;[0m                                              &amp#27;[90m# com.g4.odontohub.steps.SharedSteps.sistemaRejeitaRegistro()&amp#27;[0m
  &amp#27;[32mE &amp#27;[0m&amp#27;[32mexibir a mensagem &amp#27;[0m&amp#27;[32m&amp#27;[1m"Responsável técnico é obrigatório no registro de manutenção"&amp#27;[0m     &amp#27;[90m# com.g4.odontohub.steps.SharedSteps.exibirMensagem(java.lang.String)&amp#27;[0m
]]></system-out>
  </testcase>
  <testcase name="Dentista configura periodicidade de manutenção do equipamento" classname="CucumberRunnerTest" time="0.026">
    <system-out><![CDATA[
Cenário: Dentista configura periodicidade de manutenção do equipamento                       &amp#27;[90m# features/F14_manutencao.feature:54&amp#27;[0m
  &amp#27;[32mDado &amp#27;[0m&amp#27;[32mque o equipamento &amp#27;[0m&amp#27;[32m&amp#27;[1m"Cadeira Odontológica"&amp#27;[0m&amp#27;[32m está cadastrado com status &amp#27;[0m&amp#27;[32m&amp#27;[1m"DISPONIVEL"&amp#27;[0m      &amp#27;[90m# com.g4.odontohub.steps.F14ManutencaoSteps.equipamentoCadastradoComStatus(java.lang.String,java.lang.String)&amp#27;[0m
  &amp#27;[32mE &amp#27;[0m&amp#27;[32mcom periodicidade de manutenção de &amp#27;[0m&amp#27;[32m&amp#27;[1m180&amp#27;[0m&amp#27;[32m dias&amp#27;[0m                                              &amp#27;[90m# com.g4.odontohub.steps.F14ManutencaoSteps.comPeriodicidade(int)&amp#27;[0m
  &amp#27;[32mDado &amp#27;[0m&amp#27;[32mque o equipamento &amp#27;[0m&amp#27;[32m&amp#27;[1m"Compressor"&amp#27;[0m&amp#27;[32m está cadastrado sem periodicidade definida&amp#27;[0m             &amp#27;[90m# com.g4.odontohub.steps.F14ManutencaoSteps.equipamentoCadastradoSemPeriodicidade(java.lang.String)&amp#27;[0m
  &amp#27;[32mQuando &amp#27;[0m&amp#27;[32mo dentista define a periodicidade de manutenção do &amp#27;[0m&amp#27;[32m&amp#27;[1m"Compressor"&amp#27;[0m&amp#27;[32m como &amp#27;[0m&amp#27;[32m&amp#27;[1m90&amp#27;[0m&amp#27;[32m dias&amp#27;[0m        &amp#27;[90m# com.g4.odontohub.steps.F14ManutencaoSteps.definirPeriodicidade(java.lang.String,int)&amp#27;[0m
  &amp#27;[32mEntão &amp#27;[0m&amp#27;[32ma periodicidade do &amp#27;[0m&amp#27;[32m&amp#27;[1m"Compressor"&amp#27;[0m&amp#27;[32m deve ser salva como &amp#27;[0m&amp#27;[32m&amp#27;[1m90&amp#27;[0m&amp#27;[32m dias&amp#27;[0m                          &amp#27;[90m# com.g4.odontohub.steps.F14ManutencaoSteps.periodicidadeSalva(java.lang.String,int)&amp#27;[0m
  &amp#27;[32mE &amp#27;[0m&amp#27;[32ma data da próxima manutenção deve ser calculada a partir da última manutenção registrada&amp#27;[0m &amp#27;[90m# com.g4.odontohub.steps.F14ManutencaoSteps.proximaManutencaoCalculadaDaUltima()&amp#27;[0m
]]></system-out>
  </testcase>
</testsuite>