<?xml version="1.0" encoding="UTF-8"?>
<testsuite xmlns:xsi="http://www.w3.org/2001/XMLSchema-instance" xsi:noNamespaceSchemaLocation="https://maven.apache.org/surefire/maven-surefire-plugin/xsd/surefire-test-report.xsd" version="3.0.2" name="com.g4.odontohub.OdontohubApplicationTests" time="14.673" tests="1" errors="0" skipped="0" failures="0" flakes="0">
  <properties>
[...]
</properties>
  <testcase name="contextLoads" classname="com.g4.odontohub.OdontohubApplicationTests" time="1.528">
    <system-out><![CDATA[23:39:59.364 [main] INFO org.springframework.test.context.support.AnnotationConfigContextLoaderUtils -- Could not detect default configuration classes for test class [com.g4.odontohub.OdontohubApplicationTests]: OdontohubApplicationTests does not declare any static, non-private, non-final, nested classes annotated with @Configuration.
23:39:59.694 [main] INFO org.springframework.boot.test.context.SpringBootTestContextBootstrapper -- Found @SpringBootConfiguration com.g4.odontohub.OdontohubApplication for test class com.g4.odontohub.OdontohubApplicationTests
23:39:59.980 [main] INFO org.springframework.test.context.support.AnnotationConfigContextLoaderUtils -- Could not detect default configuration classes for test class [com.g4.odontohub.OdontohubApplicationTests]: OdontohubApplicationTests does not declare any static, non-private, non-final, nested classes annotated with @Configuration.
23:39:59.984 [main] INFO org.springframework.boot.test.context.SpringBootTestContextBootstrapper -- Found @SpringBootConfiguration com.g4.odontohub.OdontohubApplication for test class com.g4.odontohub.OdontohubApplicationTests

  .   ____          _            __ _ _
 /\\ / ___'_ __ _ _(_)_ __  __ _ \ \ \ \
( ( )\___ | '_ | '_| | '_ \/ _` | \ \ \ \
 \\/  ___)| |_)| | | | | || (_| |  ) ) ) )
  '  |____| .__|_| |_|_| |_\__, | / / / /
 =========|_|==============|___/=/_/_/_/

 :: Spring Boot ::                (v4.0.5)

2026-04-26T23:40:00.836-03:00  INFO 31504 --- [odontohub] [           main] c.g.odontohub.OdontohubApplicationTests  : Starting OdontohubApplicationTests using Java 21.0.8 with PID 31504 (started by danie in C:\Users\danie\OneDrive\Área de Trabalho\web site\OdontoHub\odontohub)
2026-04-26T23:40:00.839-03:00  INFO 31504 --- [odontohub] [           main] c.g.odontohub.OdontohubApplicationTests  : No active profile set, falling back to 1 default profile: "default"
2026-04-26T23:40:02.940-03:00  INFO 31504 --- [odontohub] [           main] .s.d.r.c.RepositoryConfigurationDelegate : Bootstrapping Spring Data JPA repositories in DEFAULT mode.
2026-04-26T23:40:03.074-03:00  INFO 31504 --- [odontohub] [           main] .s.d.r.c.RepositoryConfigurationDelegate : Finished Spring Data repository scanning in 100 ms. Found 0 JPA repository interfaces.
2026-04-26T23:40:04.643-03:00  INFO 31504 --- [odontohub] [           main] com.zaxxer.hikari.HikariDataSource       : HikariPool-1 - Starting...
2026-04-26T23:40:05.170-03:00  INFO 31504 --- [odontohub] [           main] com.zaxxer.hikari.pool.HikariPool        : HikariPool-1 - Added connection conn0: url=jdbc:h2:mem:00bf89bd-d3bd-4203-86a2-ed9119a033a6 user=SA
2026-04-26T23:40:05.176-03:00  INFO 31504 --- [odontohub] [           main] com.zaxxer.hikari.HikariDataSource       : HikariPool-1 - Start completed.
2026-04-26T23:40:05.285-03:00  INFO 31504 --- [odontohub] [           main] org.hibernate.orm.jpa                    : HHH008540: Processing PersistenceUnitInfo [name: default]
2026-04-26T23:40:05.519-03:00  INFO 31504 --- [odontohub] [           main] org.hibernate.orm.core                   : HHH000001: Hibernate ORM core version 7.2.7.Final
2026-04-26T23:40:07.462-03:00  INFO 31504 --- [odontohub] [           main] o.s.o.j.p.SpringPersistenceUnitInfo      : No LoadTimeWeaver setup: ignoring JPA class transformer
2026-04-26T23:40:07.695-03:00  INFO 31504 --- [odontohub] [           main] org.hibernate.orm.connections.pooling    : HHH10001005: Database info:
	Database JDBC URL [jdbc:h2:mem:00bf89bd-d3bd-4203-86a2-ed9119a033a6]
	Database driver: H2 JDBC Driver
	Database dialect: H2Dialect
	Database version: 2.4.240
	Default catalog/schema: 00BF89BD-D3BD-4203-86A2-ED9119A033A6/PUBLIC
	Autocommit mode: undefined/unknown
	Isolation level: READ_COMMITTED [default READ_COMMITTED]
	JDBC fetch size: 100
	Pool: DataSourceConnectionProvider
	Minimum pool size: undefined/unknown
	Maximum pool size: undefined/unknown
2026-04-26T23:40:09.143-03:00  INFO 31504 --- [odontohub] [           main] org.hibernate.orm.core                   : HHH000489: No JTA platform available (set 'hibernate.transaction.jta.platform' to enable JTA platform integration)
2026-04-26T23:40:09.187-03:00  INFO 31504 --- [odontohub] [           main] j.LocalContainerEntityManagerFactoryBean : Initialized JPA EntityManagerFactory for persistence unit 'default'
2026-04-26T23:40:09.456-03:00  WARN 31504 --- [odontohub] [           main] JpaBaseConfiguration$JpaWebConfiguration : spring.jpa.open-in-view is enabled by default. Therefore, database queries may be performed during view rendering. Explicitly configure spring.jpa.open-in-view to disable this warning
2026-04-26T23:40:11.744-03:00  INFO 31504 --- [odontohub] [           main] c.g.odontohub.OdontohubApplicationTests  : Started OdontohubApplicationTests in 11.568 seconds (process running for 16.145)
]]></system-out>
    <system-err><![CDATA[Mockito is currently self-attaching to enable the inline-mock-maker. This will no longer work in future releases of the JDK. Please add Mockito as an agent to your build as described in Mockito's documentation: https://javadoc.io/doc/org.mockito/mockito-core/latest/org.mockito/org/mockito/Mockito.html#0.3
WARNING: A Java agent has been loaded dynamically (C:\Users\danie\.m2\repository\net\bytebuddy\byte-buddy-agent\1.17.8\byte-buddy-agent-1.17.8.jar)
WARNING: If a serviceability tool is in use, please run with -XX:+EnableDynamicAgentLoading to hide this warning
WARNING: If a serviceability tool is not in use, please run with -Djdk.instrument.traceUsage for more information
WARNING: Dynamic loading of agents will be disallowed by default in a future release
]]></system-err>
  </testcase>
</testsuite>